#
# A fatal error has been detected by the Java Runtime Environment:
#
#  SIGSEGV (0xb) at pc=0x00007f29505d9a18, pid=6677, tid=0x00007f290cad6700
#
# JRE version: OpenJDK Runtime Environment (8.0_151-b12) (build 1.8.0_151-8u151-b12-0ubuntu0.16.04.2-b12)
# Java VM: OpenJDK 64-Bit Server VM (25.151-b12 mixed mode linux-amd64 compressed oops)
# Problematic frame:
# j  com.ttn.linksharing.User_$$_jvst595_4.isDirty(Ljava/lang/String;)Z+0
#
# Failed to write core dump. Core dumps have been disabled. To enable core dumping, try "ulimit -c unlimited" before starting Java again
#
# If you would like to submit a bug report, please visit:
#   http://bugreport.java.com/bugreport/crash.jsp
#

---------------  T H R E A D  ---------------

Current thread (0x00007f29619ee000):  JavaThread "http-nio-8081-exec-2" daemon [_thread_in_Java, id=6710, stack(0x00007f290c9d6000,0x00007f290cad7000)]

siginfo: si_signo: 11 (SIGSEGV), si_code: 1 (SEGV_MAPERR), si_addr: 0x0000000000001fa0

Registers:
RAX=0x0000000084000000, RBX=0x000000000000005c, RCX=0x0000000000001fa0, RDX=0x0000000000000004
RSP=0x00007f290cacd8c0, RBP=0x00007f290cacd900, RSI=0x0000000000000014, RDI=0x0000000000000014
R8 =0x00007f29619eeb90, R9 =0x0000000000000015, R10=0x00007f29661557c0, R11=0x0000000000000014
R12=0x0000000000000000, R13=0x00007f290dd8311d, R14=0x00007f290cacd920, R15=0x00007f29619ee000
RIP=0x00007f29505d9a18, EFLAGS=0x0000000000010246, CSGSFS=0x0000000000000033, ERR=0x0000000000000004
  TRAPNO=0x000000000000000e

Top of Stack: (sp=0x00007f290cacd8c0)
0x00007f290cacd8c0:   00007f290cacd8c0 00007f290dd83118
0x00007f290cacd8d0:   00007f290cacd920 00007f290dd88cf8
0x00007f290cacd8e0:   0000000000000000 00007f290dd83140
0x00007f290cacd8f0:   0000000000000000 00007f290cacd918
0x00007f290cacd900:   00007f290cacd980 00007f29505b74e7
0x00007f290cacd910:   00000000d42b11a0 00000000f1942960
0x00007f290cacd920:   0000000000001fa0 00007f290dd83140
0x00007f290cacd930:   00007f290cacdb50 00007f290cacda20
0x00007f290cacd940:   00007f29619ee000 00007f29619ee000
0x00007f290cacd950:   00007f290cacda20 00007f290cacdb38
0x00007f290cacd960:   00007f290000000c 00007f290dd83140
0x00007f290cacd970:   00007f29505c99c0 00007f290cacdb58
0x00007f290cacd980:   00007f290cacdaa0 00007f296588687b
0x00007f290cacd990:   0000000000000001 00007f29619ee000
0x00007f290cacd9a0:   000000007a6dccdf 00000000f1f80758
0x00007f290cacd9b0:   00007f290cacd9e0 00007f290000000c
0x00007f290cacd9c0:   00007f29505c99c0 00007f290000000c
0x00007f290cacd9d0:   00007f29619eeb08 00007f290cacdb30
0x00007f290cacd9e0:   00007f29619ee000 00007f29619eea60
0x00007f290cacd9f0:   00007f29619eeaa0 00007f29619eeb20
0x00007f290cacda00:   00007f29619eeb88 00000000000000d8
0x00007f290cacda10:   00007f290cacff80 00007f290cacda18
0x00007f290cacda20:   00007f29619ee000 00007f28ec0092d0
0x00007f290cacda30:   00007f290dd83140 00000000f1942960
0x00007f290cacda40:   00007f290cacdda0 00007f2950b0a4b7
0x00007f290cacda50:   0000000000000000 00007f290cacdb30
0x00007f290cacda60:   00007f290cace410 b96216b44b6b6300
0x00007f290cacda70:   00007f29619ee000 00007f290cacdb30
0x00007f290cacda80:   00007f290dd83140 00007f28ec197780
0x00007f290cacda90:   00007f29619ee000 00007f290dd83140
0x00007f290cacdaa0:   00007f290cacdc80 00007f2965b5cbe6
0x00007f290cacdab0:   00000000fe44d420 00007f29508ab8bc 

Instructions: (pc=0x00007f29505d9a18)
0x00007f29505d99f8:   ff 4c 8b 6d c8 4c 8b 75 d0 c3 41 0f b7 55 01 48
0x00007f29505d9a08:   8b 4d d8 c1 e2 02 48 8b 5c d1 20 8b 44 d1 28 59
0x00007f29505d9a18:   48 3b 01 c1 e8 1c 83 e0 0f 0f 85 13 00 00 00 0f
0x00007f29505d9a28:   be 04 19 50 b9 cc 00 00 00 41 88 4d 00 e9 e9 00 

Register to memory mapping:

RAX=0x0000000084000000 is an unknown value
RBX=0x000000000000005c is an unknown value
RCX=0x0000000000001fa0 is an unknown value
RDX=0x0000000000000004 is an unknown value
RSP=0x00007f290cacd8c0 is pointing into the stack for thread: 0x00007f29619ee000
RBP=0x00007f290cacd900 is pointing into the stack for thread: 0x00007f29619ee000
RSI=0x0000000000000014 is an unknown value
RDI=0x0000000000000014 is an unknown value
R8 =0x00007f29619eeb90 is an unknown value
R9 =0x0000000000000015 is an unknown value
R10=0x00007f29661557c0: <offset 0xf317c0> in /usr/lib/jvm/java-8-openjdk-amd64/jre/lib/amd64/server/libjvm.so at 0x00007f2965224000
R11=0x0000000000000014 is an unknown value
R12=0x0000000000000000 is an unknown value
R13=0x00007f290dd8311d is pointing into metadata
R14=0x00007f290cacd920 is pointing into the stack for thread: 0x00007f29619ee000
R15=0x00007f29619ee000 is a thread


Stack: [0x00007f290c9d6000,0x00007f290cad7000],  sp=0x00007f290cacd8c0,  free space=990k
Native frames: (J=compiled Java code, j=interpreted, Vv=VM code, C=native code)
j  com.ttn.linksharing.User_$$_jvst595_4.isDirty(Ljava/lang/String;)Z+0
v  ~StubRoutines::call_stub
V  [libjvm.so+0x66287b]
V  [libjvm.so+0x938be6]
V  [libjvm.so+0x93a8ff]
V  [libjvm.so+0x6ae419]  JVM_InvokeMethod+0x119
J 1896  sun.reflect.NativeMethodAccessorImpl.invoke0(Ljava/lang/reflect/Method;Ljava/lang/Object;[Ljava/lang/Object;)Ljava/lang/Object; (0 bytes) @ 0x00007f2950b0a52d [0x00007f2950b0a440+0xed]
J 1895 C1 sun.reflect.NativeMethodAccessorImpl.invoke(Ljava/lang/Object;[Ljava/lang/Object;)Ljava/lang/Object; (104 bytes) @ 0x00007f2950b0abd4 [0x00007f2950b0a860+0x374]
J 784 C1 sun.reflect.DelegatingMethodAccessorImpl.invoke(Ljava/lang/Object;[Ljava/lang/Object;)Ljava/lang/Object; (10 bytes) @ 0x00007f295094bcc4 [0x00007f295094bc80+0x44]
J 783 C1 java.lang.reflect.Method.invoke(Ljava/lang/Object;[Ljava/lang/Object;)Ljava/lang/Object; (62 bytes) @ 0x00007f295094b8d4 [0x00007f295094b7e0+0xf4]
J 1807 C1 org.springsource.loaded.ri.ReflectiveInterceptor.jlrMethodInvoke(Ljava/lang/reflect/Method;Ljava/lang/Object;[Ljava/lang/Object;)Ljava/lang/Object; (2214 bytes) @ 0x00007f2950addd8c [0x00007f2950adc760+0x162c]
J 3603 C1 org.codehaus.groovy.reflection.CachedMethod.invoke(Ljava/lang/Object;[Ljava/lang/Object;)Ljava/lang/Object; (70 bytes) @ 0x00007f2950ea02f4 [0x00007f2950ea02c0+0x34]
J 2211 C1 groovy.lang.MetaMethod.doMethodInvoke(Ljava/lang/Object;[Ljava/lang/Object;)Ljava/lang/Object; (22 bytes) @ 0x00007f2950b8e294 [0x00007f2950b8e220+0x74]
J 4267 C1 org.codehaus.groovy.runtime.metaclass.MethodMetaProperty$GetBeanMethodMetaProperty.getProperty(Ljava/lang/Object;)Ljava/lang/Object; (12 bytes) @ 0x00007f29510002cc [0x00007f2951000280+0x4c]
j  org.codehaus.groovy.runtime.callsite.GetEffectivePogoPropertySite.getProperty(Ljava/lang/Object;)Ljava/lang/Object;+5
J 3620 C1 org.codehaus.groovy.runtime.callsite.AbstractCallSite.callGetProperty(Ljava/lang/Object;)Ljava/lang/Object; (12 bytes) @ 0x00007f2950eb21a4 [0x00007f2950eb2140+0x64]
j  home_prachi_Documents_grailstaglibassignment_Linksharing_grails_app_views_topic__trendingTopics_gsp$_run_closure3.doCall(Ljava/lang/Object;)Ljava/lang/Object;+24
j  sun.reflect.GeneratedMethodAccessor244.invoke(Ljava/lang/Object;[Ljava/lang/Object;)Ljava/lang/Object;+40
J 784 C1 sun.reflect.DelegatingMethodAccessorImpl.invoke(Ljava/lang/Object;[Ljava/lang/Object;)Ljava/lang/Object; (10 bytes) @ 0x00007f295094bcc4 [0x00007f295094bc80+0x44]
J 783 C1 java.lang.reflect.Method.invoke(Ljava/lang/Object;[Ljava/lang/Object;)Ljava/lang/Object; (62 bytes) @ 0x00007f295094b8d4 [0x00007f295094b7e0+0xf4]
J 1807 C1 org.springsource.loaded.ri.ReflectiveInterceptor.jlrMethodInvoke(Ljava/lang/reflect/Method;Ljava/lang/Object;[Ljava/lang/Object;)Ljava/lang/Object; (2214 bytes) @ 0x00007f2950addedc [0x00007f2950adc760+0x177c]
J 3603 C1 org.codehaus.groovy.reflection.CachedMethod.invoke(Ljava/lang/Object;[Ljava/lang/Object;)Ljava/lang/Object; (70 bytes) @ 0x00007f2950ea02f4 [0x00007f2950ea02c0+0x34]
J 2211 C1 groovy.lang.MetaMethod.doMethodInvoke(Ljava/lang/Object;[Ljava/lang/Object;)Ljava/lang/Object; (22 bytes) @ 0x00007f2950b8e294 [0x00007f2950b8e220+0x74]
J 3559 C1 org.codehaus.groovy.runtime.metaclass.ClosureMetaClass.invokeMethod(Ljava/lang/Class;Ljava/lang/Object;Ljava/lang/String;[Ljava/lang/Object;ZZ)Ljava/lang/Object; (872 bytes) @ 0x00007f2950e85a7c [0x00007f2950e848a0+0x11dc]
J 1911 C1 groovy.lang.MetaClassImpl.invokeMethod(Ljava/lang/Object;Ljava/lang/String;[Ljava/lang/Object;)Ljava/lang/Object; (14 bytes) @ 0x00007f2950b1045c [0x00007f2950b10400+0x5c]
J 4257 C1 groovy.lang.Closure.call([Ljava/lang/Object;)Ljava/lang/Object; (30 bytes) @ 0x00007f2950ffd2fc [0x00007f2950ffd280+0x7c]
J 6047 C1 groovy.lang.Closure.call(Ljava/lang/Object;)Ljava/lang/Object; (13 bytes) @ 0x00007f29512ce934 [0x00007f29512ce800+0x134]
J 8170 C1 org.grails.gsp.GroovyPage.evaluate(Ljava/lang/String;ILjava/lang/Object;Lgroovy/lang/Closure;)Ljava/lang/Object; (68 bytes) @ 0x00007f29517283bc [0x00007f2951728360+0x5c]
J 8808 C1 org.grails.gsp.GroovyPage$evaluate$5.callCurrent(Lgroovy/lang/GroovyObject;Ljava/lang/Object;Ljava/lang/Object;Ljava/lang/Object;Ljava/lang/Object;)Ljava/lang/Object; (56 bytes) @ 0x00007f295186c774 [0x00007f295186c5a0+0x1d4]
j  home_prachi_Documents_grailstaglibassignment_Linksharing_grails_app_views_topic__trendingTopics_gsp.run()Ljava/lang/Object;+281
j  org.grails.gsp.GroovyPageWritable.doWriteTo(Lorg/grails/taglib/encoder/OutputContext;Ljava/io/Writer;)Ljava/io/Writer;+373
j  org.grails.gsp.GroovyPageWritable.writeTo(Ljava/io/Writer;)Ljava/io/Writer;+13
j  org.grails.web.gsp.GroovyPagesTemplateRenderer.makeTemplate(Lorg/grails/web/servlet/mvc/GrailsWebRequest;Lgroovy/text/Template;Ljava/util/Map;Ljava/lang/Object;Ljava/io/Writer;)V+326
j  org.grails.web.gsp.GroovyPagesTemplateRenderer.render(Lorg/grails/web/servlet/mvc/GrailsWebRequest;Lorg/grails/taglib/TemplateVariableBinding;Ljava/util/Map;Ljava/lang/Object;Ljava/io/Writer;)V+162
j  org.grails.plugins.web.taglib.RenderTagLib$_closure7.doCall(Ljava/util/Map;Ljava/lang/Object;)Ljava/lang/Object;+74
j  sun.reflect.GeneratedMethodAccessor209.invoke(Ljava/lang/Object;[Ljava/lang/Object;)Ljava/lang/Object;+48
J 784 C1 sun.reflect.DelegatingMethodAccessorImpl.invoke(Ljava/lang/Object;[Ljava/lang/Object;)Ljava/lang/Object; (10 bytes) @ 0x00007f295094bcc4 [0x00007f295094bc80+0x44]
J 783 C1 java.lang.reflect.Method.invoke(Ljava/lang/Object;[Ljava/lang/Object;)Ljava/lang/Object; (62 bytes) @ 0x00007f295094b8d4 [0x00007f295094b7e0+0xf4]
J 1807 C1 org.springsource.loaded.ri.ReflectiveInterceptor.jlrMethodInvoke(Ljava/lang/reflect/Method;Ljava/lang/Object;[Ljava/lang/Object;)Ljava/lang/Object; (2214 bytes) @ 0x00007f2950addedc [0x00007f2950adc760+0x177c]
J 3603 C1 org.codehaus.groovy.reflection.CachedMethod.invoke(Ljava/lang/Object;[Ljava/lang/Object;)Ljava/lang/Object; (70 bytes) @ 0x00007f2950ea02f4 [0x00007f2950ea02c0+0x34]
J 2211 C1 groovy.lang.MetaMethod.doMethodInvoke(Ljava/lang/Object;[Ljava/lang/Object;)Ljava/lang/Object; (22 bytes) @ 0x00007f2950b8e294 [0x00007f2950b8e220+0x74]
J 3559 C1 org.codehaus.groovy.runtime.metaclass.ClosureMetaClass.invokeMethod(Ljava/lang/Class;Ljava/lang/Object;Ljava/lang/String;[Ljava/lang/Object;ZZ)Ljava/lang/Object; (872 bytes) @ 0x00007f2950e85a7c [0x00007f2950e848a0+0x11dc]
J 1911 C1 groovy.lang.MetaClassImpl.invokeMethod(Ljava/lang/Object;Ljava/lang/String;[Ljava/lang/Object;)Ljava/lang/Object; (14 bytes) @ 0x00007f2950b1045c [0x00007f2950b10400+0x5c]
J 4257 C1 groovy.lang.Closure.call([Ljava/lang/Object;)Ljava/lang/Object; (30 bytes) @ 0x00007f2950ffd2fc [0x00007f2950ffd280+0x7c]
j  org.grails.taglib.TagOutput.captureTagOutput(Lorg/grails/taglib/TagLibraryLookup;Ljava/lang/String;Ljava/lang/String;Ljava/util/Map;Ljava/lang/Object;Lorg/grails/taglib/encoder/OutputContext;)Ljava/lang/Object;+321
j  org.grails.taglib.TagLibraryMetaUtils$_registerMethodMissingForTags_closure3.doCall(Ljava/util/Map;)Ljava/lang/Object;+46
j  sun.reflect.GeneratedMethodAccessor247.invoke(Ljava/lang/Object;[Ljava/lang/Object;)Ljava/lang/Object;+40
J 784 C1 sun.reflect.DelegatingMethodAccessorImpl.invoke(Ljava/lang/Object;[Ljava/lang/Object;)Ljava/lang/Object; (10 bytes) @ 0x00007f295094bcc4 [0x00007f295094bc80+0x44]
J 783 C1 java.lang.reflect.Method.invoke(Ljava/lang/Object;[Ljava/lang/Object;)Ljava/lang/Object; (62 bytes) @ 0x00007f295094b8d4 [0x00007f295094b7e0+0xf4]
J 1807 C1 org.springsource.loaded.ri.ReflectiveInterceptor.jlrMethodInvoke(Ljava/lang/reflect/Method;Ljava/lang/Object;[Ljava/lang/Object;)Ljava/lang/Object; (2214 bytes) @ 0x00007f2950addedc [0x00007f2950adc760+0x177c]
J 3603 C1 org.codehaus.groovy.reflection.CachedMethod.invoke(Ljava/lang/Object;[Ljava/lang/Object;)Ljava/lang/Object; (70 bytes) @ 0x00007f2950ea02f4 [0x00007f2950ea02c0+0x34]
j  org.codehaus.groovy.runtime.metaclass.ClosureMetaMethod.invoke(Ljava/lang/Object;[Ljava/lang/Object;)Ljava/lang/Object;+28
j  org.codehaus.groovy.runtime.callsite.PogoMetaMethodSite$PogoMetaMethodSiteNoUnwrapNoCoerce.invoke(Ljava/lang/Object;[Ljava/lang/Object;)Ljava/lang/Object;+6
j  org.codehaus.groovy.runtime.callsite.PogoMetaMethodSite.call(Ljava/lang/Object;[Ljava/lang/Object;)Ljava/lang/Object;+12
J 4256 C1 org.codehaus.groovy.runtime.callsite.AbstractCallSite.call(Ljava/lang/Object;Ljava/lang/Object;)Ljava/lang/Object; (37 bytes) @ 0x00007f2950ffc5e4 [0x00007f2950ffc460+0x184]
j  com.ttn.linksharing.LinksharingTagTagLib$_closure2.doCall(Ljava/lang/Object;)Ljava/lang/Object;+96
v  ~StubRoutines::call_stub
V  [libjvm.so+0x66287b]
V  [libjvm.so+0x938be6]
V  [libjvm.so+0x93a8ff]
V  [libjvm.so+0x6ae419]  JVM_InvokeMethod+0x119
J 1896  sun.reflect.NativeMethodAccessorImpl.invoke0(Ljava/lang/reflect/Method;Ljava/lang/Object;[Ljava/lang/Object;)Ljava/lang/Object; (0 bytes) @ 0x00007f2950b0a52d [0x00007f2950b0a440+0xed]
J 1895 C1 sun.reflect.NativeMethodAccessorImpl.invoke(Ljava/lang/Object;[Ljava/lang/Object;)Ljava/lang/Object; (104 bytes) @ 0x00007f2950b0abd4 [0x00007f2950b0a860+0x374]
J 784 C1 sun.reflect.DelegatingMethodAccessorImpl.invoke(Ljava/lang/Object;[Ljava/lang/Object;)Ljava/lang/Object; (10 bytes) @ 0x00007f295094bcc4 [0x00007f295094bc80+0x44]
J 783 C1 java.lang.reflect.Method.invoke(Ljava/lang/Object;[Ljava/lang/Object;)Ljava/lang/Object; (62 bytes) @ 0x00007f295094b8d4 [0x00007f295094b7e0+0xf4]
J 9288 C1 org.springsource.loaded.ri.OriginalClassInvoker.invoke(Ljava/lang/Object;[Ljava/lang/Object;)Ljava/lang/Object; (17 bytes) @ 0x00007f2951984ffc [0x00007f2951984f20+0xdc]
J 1807 C1 org.springsource.loaded.ri.ReflectiveInterceptor.jlrMethodInvoke(Ljava/lang/reflect/Method;Ljava/lang/Object;[Ljava/lang/Object;)Ljava/lang/Object; (2214 bytes) @ 0x00007f2950adde8c [0x00007f2950adc760+0x172c]
J 3603 C1 org.codehaus.groovy.reflection.CachedMethod.invoke(Ljava/lang/Object;[Ljava/lang/Object;)Ljava/lang/Object; (70 bytes) @ 0x00007f2950ea02f4 [0x00007f2950ea02c0+0x34]
J 2211 C1 groovy.lang.MetaMethod.doMethodInvoke(Ljava/lang/Object;[Ljava/lang/Object;)Ljava/lang/Object; (22 bytes) @ 0x00007f2950b8e294 [0x00007f2950b8e220+0x74]
J 3559 C1 org.codehaus.groovy.runtime.metaclass.ClosureMetaClass.invokeMethod(Ljava/lang/Class;Ljava/lang/Object;Ljava/lang/String;[Ljava/lang/Object;ZZ)Ljava/lang/Object; (872 bytes) @ 0x00007f2950e85a7c [0x00007f2950e848a0+0x11dc]
J 1911 C1 groovy.lang.MetaClassImpl.invokeMethod(Ljava/lang/Object;Ljava/lang/String;[Ljava/lang/Object;)Ljava/lang/Object; (14 bytes) @ 0x00007f2950b1045c [0x00007f2950b10400+0x5c]
J 4257 C1 groovy.lang.Closure.call([Ljava/lang/Object;)Ljava/lang/Object; (30 bytes) @ 0x00007f2950ffd2fc [0x00007f2950ffd280+0x7c]
j  com.ttn.linksharing.LinksharingTagTagLib$_closure2.call([Ljava/lang/Object;)Ljava/lang/Object;+30
J 8792 C1 org.grails.gsp.GroovyPage.invokeTagLibClosure(Ljava/lang/String;Ljava/lang/String;Lgroovy/lang/Closure;Ljava/util/Map;Lgroovy/lang/Closure;ZLjava/util/Map;)V (239 bytes) @ 0x00007f2951862e9c [0x00007f2951862720+0x77c]
J 8538 C1 org.grails.gsp.GroovyPage.invokeTag(Ljava/lang/String;Ljava/lang/String;ILjava/util/Map;I)V (791 bytes) @ 0x00007f29517d93d4 [0x00007f29517d89c0+0xa14]
J 8739 C1 sun.reflect.GeneratedMethodAccessor173.invoke(Ljava/lang/Object;[Ljava/lang/Object;)Ljava/lang/Object; (246 bytes) @ 0x00007f295184b044 [0x00007f295184ab00+0x544]
J 784 C1 sun.reflect.DelegatingMethodAccessorImpl.invoke(Ljava/lang/Object;[Ljava/lang/Object;)Ljava/lang/Object; (10 bytes) @ 0x00007f295094bcc4 [0x00007f295094bc80+0x44]
J 783 C1 java.lang.reflect.Method.invoke(Ljava/lang/Object;[Ljava/lang/Object;)Ljava/lang/Object; (62 bytes) @ 0x00007f295094b8d4 [0x00007f295094b7e0+0xf4]
J 1807 C1 org.springsource.loaded.ri.ReflectiveInterceptor.jlrMethodInvoke(Ljava/lang/reflect/Method;Ljava/lang/Object;[Ljava/lang/Object;)Ljava/lang/Object; (2214 bytes) @ 0x00007f2950addedc [0x00007f2950adc760+0x177c]
J 3603 C1 org.codehaus.groovy.reflection.CachedMethod.invoke(Ljava/lang/Object;[Ljava/lang/Object;)Ljava/lang/Object; (70 bytes) @ 0x00007f2950ea02f4 [0x00007f2950ea02c0+0x34]
J 2211 C1 groovy.lang.MetaMethod.doMethodInvoke(Ljava/lang/Object;[Ljava/lang/Object;)Ljava/lang/Object; (22 bytes) @ 0x00007f2950b8e294 [0x00007f2950b8e220+0x74]
J 3559 C1 org.codehaus.groovy.runtime.metaclass.ClosureMetaClass.invokeMethod(Ljava/lang/Class;Ljava/lang/Object;Ljava/lang/String;[Ljava/lang/Object;ZZ)Ljava/lang/Object; (872 bytes) @ 0x00007f2950e85a44 [0x00007f2950e848a0+0x11a4]
J 1911 C1 groovy.lang.MetaClassImpl.invokeMethod(Ljava/lang/Object;Ljava/lang/String;[Ljava/lang/Object;)Ljava/lang/Object; (14 bytes) @ 0x00007f2950b1045c [0x00007f2950b10400+0x5c]
J 7207 C1 org.codehaus.groovy.runtime.callsite.PogoMetaClassSite.callCurrent(Lgroovy/lang/GroovyObject;[Ljava/lang/Object;)Ljava/lang/Object; (92 bytes) @ 0x00007f295149b18c [0x00007f295149b080+0x10c]
j  home_prachi_Documents_grailstaglibassignment_Linksharing_grails_app_views_user_index_gsp$_run_closure2.doCall()Ljava/lang/Object;+1196
v  ~StubRoutines::call_stub
V  [libjvm.so+0x66287b]
V  [libjvm.so+0x938be6]
V  [libjvm.so+0x93a8ff]
V  [libjvm.so+0x6ae419]  JVM_InvokeMethod+0x119
J 1896  sun.reflect.NativeMethodAccessorImpl.invoke0(Ljava/lang/reflect/Method;Ljava/lang/Object;[Ljava/lang/Object;)Ljava/lang/Object; (0 bytes) @ 0x00007f2950b0a52d [0x00007f2950b0a440+0xed]
J 1895 C1 sun.reflect.NativeMethodAccessorImpl.invoke(Ljava/lang/Object;[Ljava/lang/Object;)Ljava/lang/Object; (104 bytes) @ 0x00007f2950b0abd4 [0x00007f2950b0a860+0x374]
J 784 C1 sun.reflect.DelegatingMethodAccessorImpl.invoke(Ljava/lang/Object;[Ljava/lang/Object;)Ljava/lang/Object; (10 bytes) @ 0x00007f295094bcc4 [0x00007f295094bc80+0x44]
J 783 C1 java.lang.reflect.Method.invoke(Ljava/lang/Object;[Ljava/lang/Object;)Ljava/lang/Object; (62 bytes) @ 0x00007f295094b8d4 [0x00007f295094b7e0+0xf4]
J 1807 C1 org.springsource.loaded.ri.ReflectiveInterceptor.jlrMethodInvoke(Ljava/lang/reflect/Method;Ljava/lang/Object;[Ljava/lang/Object;)Ljava/lang/Object; (2214 bytes) @ 0x00007f2950addedc [0x00007f2950adc760+0x177c]
J 3603 C1 org.codehaus.groovy.reflection.CachedMethod.invoke(Ljava/lang/Object;[Ljava/lang/Object;)Ljava/lang/Object; (70 bytes) @ 0x00007f2950ea02f4 [0x00007f2950ea02c0+0x34]
J 2211 C1 groovy.lang.MetaMethod.doMethodInvoke(Ljava/lang/Object;[Ljava/lang/Object;)Ljava/lang/Object; (22 bytes) @ 0x00007f2950b8e294 [0x00007f2950b8e220+0x74]
J 3559 C1 org.codehaus.groovy.runtime.metaclass.ClosureMetaClass.invokeMethod(Ljava/lang/Class;Ljava/lang/Object;Ljava/lang/String;[Ljava/lang/Object;ZZ)Ljava/lang/Object; (872 bytes) @ 0x00007f2950e85a7c [0x00007f2950e848a0+0x11dc]
J 1911 C1 groovy.lang.MetaClassImpl.invokeMethod(Ljava/lang/Object;Ljava/lang/String;[Ljava/lang/Object;)Ljava/lang/Object; (14 bytes) @ 0x00007f2950b1045c [0x00007f2950b10400+0x5c]
J 4257 C1 groovy.lang.Closure.call([Ljava/lang/Object;)Ljava/lang/Object; (30 bytes) @ 0x00007f2950ffd2fc [0x00007f2950ffd280+0x7c]
...<more frames>...


---------------  P R O C E S S  ---------------

Java Threads: ( => current thread )
  0x00007f2960015800 JavaThread "DestroyJavaVM" [_thread_blocked, id=6679, stack(0x00007f2966e7b000,0x00007f2966f7c000)]
  0x00007f2961a5e800 JavaThread "Thread-7" daemon [_thread_blocked, id=6725, stack(0x00007f28cf9fa000,0x00007f28cfafb000)]
  0x00007f2961a5e000 JavaThread "Thread-9" [_thread_blocked, id=6724, stack(0x00007f28cfafb000,0x00007f28cfbfc000)]
  0x00007f2961a54800 JavaThread "Thread-8" daemon [_thread_in_native, id=6723, stack(0x00007f28cfbfc000,0x00007f28cfcfd000)]
  0x00007f2961a38000 JavaThread "http-nio-8081-AsyncTimeout" daemon [_thread_blocked, id=6722, stack(0x00007f28cfcfd000,0x00007f28cfdfe000)]
  0x00007f2961a36800 JavaThread "http-nio-8081-Acceptor-0" daemon [_thread_in_native, id=6721, stack(0x00007f28cfdfe000,0x00007f28cfeff000)]
  0x00007f2961a33800 JavaThread "http-nio-8081-ClientPoller-1" daemon [_thread_in_native, id=6720, stack(0x00007f28cfeff000,0x00007f28d0000000)]
  0x00007f2961a19800 JavaThread "http-nio-8081-ClientPoller-0" daemon [_thread_in_native, id=6719, stack(0x00007f290c0cd000,0x00007f290c1ce000)]
  0x00007f29619fd800 JavaThread "http-nio-8081-exec-10" daemon [_thread_blocked, id=6718, stack(0x00007f290c1ce000,0x00007f290c2cf000)]
  0x00007f29619fb800 JavaThread "http-nio-8081-exec-9" daemon [_thread_blocked, id=6717, stack(0x00007f290c2cf000,0x00007f290c3d0000)]
  0x00007f29619f9800 JavaThread "http-nio-8081-exec-8" daemon [_thread_blocked, id=6716, stack(0x00007f290c3d0000,0x00007f290c4d1000)]
  0x00007f29619f7800 JavaThread "http-nio-8081-exec-7" daemon [_thread_blocked, id=6715, stack(0x00007f290c4d1000,0x00007f290c5d2000)]
  0x00007f29619f5800 JavaThread "http-nio-8081-exec-6" daemon [_thread_blocked, id=6714, stack(0x00007f290c5d2000,0x00007f290c6d3000)]
  0x00007f29619f4000 JavaThread "http-nio-8081-exec-5" daemon [_thread_blocked, id=6713, stack(0x00007f290c6d3000,0x00007f290c7d4000)]
  0x00007f29619f2000 JavaThread "http-nio-8081-exec-4" daemon [_thread_blocked, id=6712, stack(0x00007f290c7d4000,0x00007f290c8d5000)]
  0x00007f29619f0000 JavaThread "http-nio-8081-exec-3" daemon [_thread_blocked, id=6711, stack(0x00007f290c8d5000,0x00007f290c9d6000)]
=>0x00007f29619ee000 JavaThread "http-nio-8081-exec-2" daemon [_thread_in_Java, id=6710, stack(0x00007f290c9d6000,0x00007f290cad7000)]
  0x00007f29619ec800 JavaThread "http-nio-8081-exec-1" daemon [_thread_blocked, id=6709, stack(0x00007f290cad7000,0x00007f290cbd8000)]
  0x00007f29619c9800 JavaThread "NioBlockingSelector.BlockPoller-1" daemon [_thread_in_native, id=6708, stack(0x00007f290cbd8000,0x00007f290ccd9000)]
  0x00007f2961813800 JavaThread "container-0" [_thread_blocked, id=6707, stack(0x00007f290d4d9000,0x00007f290d5da000)]
  0x00007f2961812000 JavaThread "ContainerBackgroundProcessor[StandardEngine[Tomcat]]" daemon [_thread_blocked, id=6706, stack(0x00007f290d5da000,0x00007f290d6db000)]
  0x00007f29612ef000 JavaThread "MySQL Statement Cancellation Timer" daemon [_thread_blocked, id=6701, stack(0x00007f290f8f5000,0x00007f290f9f6000)]
  0x00007f29607db000 JavaThread "Tomcat JDBC Pool Cleaner[414493378:1522874177604]" daemon [_thread_blocked, id=6700, stack(0x00007f2944008000,0x00007f2944109000)]
  0x00007f2960848800 JavaThread "FileSystemWatcher: files=#75 cl=sun.misc.Launcher$AppClassLoader@18b4aac2" daemon [_thread_blocked, id=6696, stack(0x00007f2947922000,0x00007f2947a23000)]
  0x00007f29607b2000 JavaThread "Service Thread" daemon [_thread_blocked, id=6694, stack(0x00007f2947b37000,0x00007f2947c38000)]
  0x00007f296079f000 JavaThread "C1 CompilerThread2" daemon [_thread_blocked, id=6693, stack(0x00007f2947c38000,0x00007f2947d39000)]
  0x00007f296079d000 JavaThread "C2 CompilerThread1" daemon [_thread_blocked, id=6692, stack(0x00007f2947d39000,0x00007f2947e3a000)]
  0x00007f29607a7000 JavaThread "C2 CompilerThread0" daemon [_thread_blocked, id=6691, stack(0x00007f2947e3a000,0x00007f2947f3b000)]
  0x00007f296017d800 JavaThread "Signal Dispatcher" daemon [_thread_blocked, id=6690, stack(0x00007f294c2ea000,0x00007f294c3eb000)]
  0x00007f2960156000 JavaThread "Finalizer" daemon [_thread_blocked, id=6689, stack(0x00007f294c6c3000,0x00007f294c7c4000)]
  0x00007f2960151800 JavaThread "Reference Handler" daemon [_thread_blocked, id=6688, stack(0x00007f294c7c4000,0x00007f294c8c5000)]

Other Threads:
  0x00007f296014a000 VMThread [stack: 0x00007f294c8c5000,0x00007f294c9c6000] [id=6687]
  0x00007f29607b4800 WatcherThread [stack: 0x00007f2947a36000,0x00007f2947b37000] [id=6695]

VM state:not at safepoint (normal execution)

VM Mutex/Monitor currently owned by a thread: None

Heap:
 PSYoungGen      total 215040K, used 68113K [0x00000000f0000000, 0x0000000100000000, 0x0000000100000000)
  eden space 179200K, 18% used [0x00000000f0000000,0x00000000f1f85e88,0x00000000faf00000)
  from space 35840K, 99% used [0x00000000fdd00000,0x00000000ffffe8c0,0x0000000100000000)
  to   space 41472K, 0% used [0x00000000faf00000,0x00000000faf00000,0x00000000fd780000)
 ParOldGen       total 524288K, used 95075K [0x00000000d0000000, 0x00000000f0000000, 0x00000000f0000000)
  object space 524288K, 18% used [0x00000000d0000000,0x00000000d5cd8fd8,0x00000000f0000000)
 Metaspace       used 69733K, capacity 73054K, committed 73304K, reserved 1114112K
  class space    used 8604K, capacity 9482K, committed 9600K, reserved 1048576K

Card table byte_map: [0x00007f2950076000,0x00007f29501f7000] byte_map_base: 0x00007f294f9f6000

Marking Bits: (ParMarkBitMap*) 0x00007f29661452c0
 Begin Bits: [0x00007f294e472000, 0x00007f294f072000)
 End Bits:   [0x00007f294f072000, 0x00007f294fc72000)

Polling page: 0x00007f2966f99000

CodeCache: size=245760Kb used=20644Kb max_used=20855Kb free=225115Kb
 bounds [0x00007f29505b7000, 0x00007f2951a27000, 0x00007f295f5b7000]
 total_blobs=10133 nmethods=9333 adapters=712
 compilation: enabled

Compilation events (10 events):
Event: 205.895 Thread 0x00007f296079f000 9574       1       org.grails.orm.hibernate.query.AbstractHibernateQuery$HibernateProjectionList::distinct (55 bytes)
Event: 205.896 Thread 0x00007f296079f000 nmethod 9574 0x00007f295154ca90 code [0x00007f295154cc00, 0x00007f295154cdb8]
Event: 205.896 Thread 0x00007f296079f000 9575       1       org.grails.datastore.gorm.finders.FindAllByFinder::invokeQuery (5 bytes)
Event: 205.896 Thread 0x00007f296079f000 nmethod 9575 0x00007f295169e390 code [0x00007f295169e500, 0x00007f295169e648]
Event: 205.902 Thread 0x00007f296079f000 9577       1       sl.org.objectweb.asm.Type::getMethodDescriptor (53 bytes)
Event: 205.903 Thread 0x00007f296079f000 nmethod 9577 0x00007f2951533fd0 code [0x00007f29515341c0, 0x00007f2951534b88]
Event: 205.903 Thread 0x00007f296079f000 9576       1       org.springsource.loaded.CurrentLiveVersion::getExecutorDescriptor (63 bytes)
Event: 205.904 Thread 0x00007f296079f000 nmethod 9576 0x00007f295153a790 code [0x00007f295153a960, 0x00007f295153ae78]
Event: 205.914 Thread 0x00007f296079f000 9578   !   1       org.codehaus.groovy.runtime.metaclass.ClosureMetaClass::invokeOnDelegationObjects (158 bytes)
Event: 205.914 Thread 0x00007f296079f000 nmethod 9578 0x00007f2950a19010 code [0x00007f2950a191c0, 0x00007f2950a196c8]

GC Heap History (10 events):
Event: 15.830 GC heap before
{Heap before GC invocations=29 (full 3):
 PSYoungGen      total 225792K, used 205934K [0x00000000f0000000, 0x0000000100000000, 0x0000000100000000)
  eden space 190464K, 100% used [0x00000000f0000000,0x00000000fba00000,0x00000000fba00000)
  from space 35328K, 43% used [0x00000000fba00000,0x00000000fc91bb28,0x00000000fdc80000)
  to   space 33280K, 0% used [0x00000000fdf80000,0x00000000fdf80000,0x0000000100000000)
 ParOldGen       total 524288K, used 92549K [0x00000000d0000000, 0x00000000f0000000, 0x00000000f0000000)
  object space 524288K, 17% used [0x00000000d0000000,0x00000000d5a61778,0x00000000f0000000)
 Metaspace       used 65626K, capacity 67296K, committed 67416K, reserved 1107968K
  class space    used 7988K, capacity 8467K, committed 8576K, reserved 1048576K
Event: 15.855 GC heap after
Heap after GC invocations=29 (full 3):
 PSYoungGen      total 229888K, used 17744K [0x00000000f0000000, 0x0000000100000000, 0x0000000100000000)
  eden space 196608K, 0% used [0x00000000f0000000,0x00000000f0000000,0x00000000fc000000)
  from space 33280K, 53% used [0x00000000fdf80000,0x00000000ff0d42c0,0x0000000100000000)
  to   space 32256K, 0% used [0x00000000fc000000,0x00000000fc000000,0x00000000fdf80000)
 ParOldGen       total 524288K, used 92557K [0x00000000d0000000, 0x00000000f0000000, 0x00000000f0000000)
  object space 524288K, 17% used [0x00000000d0000000,0x00000000d5a63778,0x00000000f0000000)
 Metaspace       used 65626K, capacity 67296K, committed 67416K, reserved 1107968K
  class space    used 7988K, capacity 8467K, committed 8576K, reserved 1048576K
}
Event: 19.077 GC heap before
{Heap before GC invocations=30 (full 3):
 PSYoungGen      total 229888K, used 214352K [0x00000000f0000000, 0x0000000100000000, 0x0000000100000000)
  eden space 196608K, 100% used [0x00000000f0000000,0x00000000fc000000,0x00000000fc000000)
  from space 33280K, 53% used [0x00000000fdf80000,0x00000000ff0d42c0,0x0000000100000000)
  to   space 32256K, 0% used [0x00000000fc000000,0x00000000fc000000,0x00000000fdf80000)
 ParOldGen       total 524288K, used 92557K [0x00000000d0000000, 0x00000000f0000000, 0x00000000f0000000)
  object space 524288K, 17% used [0x00000000d0000000,0x00000000d5a63778,0x00000000f0000000)
 Metaspace       used 66672K, capacity 68970K, committed 69080K, reserved 1110016K
  class space    used 8181K, capacity 8871K, committed 8960K, reserved 1048576K
Event: 19.095 GC heap after
Heap after GC invocations=30 (full 3):
 PSYoungGen      total 228864K, used 21209K [0x00000000f0000000, 0x0000000100000000, 0x0000000100000000)
  eden space 196608K, 0% used [0x00000000f0000000,0x00000000f0000000,0x00000000fc000000)
  from space 32256K, 65% used [0x00000000fc000000,0x00000000fd4b64f0,0x00000000fdf80000)
  to   space 32768K, 0% used [0x00000000fe000000,0x00000000fe000000,0x0000000100000000)
 ParOldGen       total 524288K, used 92565K [0x00000000d0000000, 0x00000000f0000000, 0x00000000f0000000)
  object space 524288K, 17% used [0x00000000d0000000,0x00000000d5a65778,0x00000000f0000000)
 Metaspace       used 66672K, capacity 68970K, committed 69080K, reserved 1110016K
  class space    used 8181K, capacity 8871K, committed 8960K, reserved 1048576K
}
Event: 19.663 GC heap before
{Heap before GC invocations=31 (full 3):
 PSYoungGen      total 228864K, used 217817K [0x00000000f0000000, 0x0000000100000000, 0x0000000100000000)
  eden space 196608K, 100% used [0x00000000f0000000,0x00000000fc000000,0x00000000fc000000)
  from space 32256K, 65% used [0x00000000fc000000,0x00000000fd4b64f0,0x00000000fdf80000)
  to   space 32768K, 0% used [0x00000000fe000000,0x00000000fe000000,0x0000000100000000)
 ParOldGen       total 524288K, used 92565K [0x00000000d0000000, 0x00000000f0000000, 0x00000000f0000000)
  object space 524288K, 17% used [0x00000000d0000000,0x00000000d5a65778,0x00000000f0000000)
 Metaspace       used 67056K, capacity 69694K, committed 69976K, reserved 1110016K
  class space    used 8264K, capacity 9016K, committed 9088K, reserved 1048576K
Event: 19.688 GC heap after
Heap after GC invocations=31 (full 3):
 PSYoungGen      total 227328K, used 23426K [0x00000000f0000000, 0x0000000100000000, 0x0000000100000000)
  eden space 194560K, 0% used [0x00000000f0000000,0x00000000f0000000,0x00000000fbe00000)
  from space 32768K, 71% used [0x00000000fe000000,0x00000000ff6e0af8,0x0000000100000000)
  to   space 33792K, 0% used [0x00000000fbe00000,0x00000000fbe00000,0x00000000fdf00000)
 ParOldGen       total 524288K, used 92573K [0x00000000d0000000, 0x00000000f0000000, 0x00000000f0000000)
  object space 524288K, 17% used [0x00000000d0000000,0x00000000d5a67778,0x00000000f0000000)
 Metaspace       used 67056K, capacity 69694K, committed 69976K, reserved 1110016K
  class space    used 8264K, capacity 9016K, committed 9088K, reserved 1048576K
}
Event: 183.359 GC heap before
{Heap before GC invocations=32 (full 3):
 PSYoungGen      total 227328K, used 217986K [0x00000000f0000000, 0x0000000100000000, 0x0000000100000000)
  eden space 194560K, 100% used [0x00000000f0000000,0x00000000fbe00000,0x00000000fbe00000)
  from space 32768K, 71% used [0x00000000fe000000,0x00000000ff6e0af8,0x0000000100000000)
  to   space 33792K, 0% used [0x00000000fbe00000,0x00000000fbe00000,0x00000000fdf00000)
 ParOldGen       total 524288K, used 92573K [0x00000000d0000000, 0x00000000f0000000, 0x00000000f0000000)
  object space 524288K, 17% used [0x00000000d0000000,0x00000000d5a67778,0x00000000f0000000)
 Metaspace       used 68321K, capacity 71388K, committed 71512K, reserved 1112064K
  class space    used 8465K, capacity 9283K, committed 9344K, reserved 1048576K
Event: 183.382 GC heap after
Heap after GC invocations=32 (full 3):
 PSYoungGen      total 222208K, used 27475K [0x00000000f0000000, 0x0000000100000000, 0x0000000100000000)
  eden space 194560K, 0% used [0x00000000f0000000,0x00000000f0000000,0x00000000fbe00000)
  from space 27648K, 99% used [0x00000000fbe00000,0x00000000fd8d4e28,0x00000000fd900000)
  to   space 35840K, 0% used [0x00000000fdd00000,0x00000000fdd00000,0x0000000100000000)
 ParOldGen       total 524288K, used 92581K [0x00000000d0000000, 0x00000000f0000000, 0x00000000f0000000)
  object space 524288K, 17% used [0x00000000d0000000,0x00000000d5a69778,0x00000000f0000000)
 Metaspace       used 68321K, capacity 71388K, committed 71512K, reserved 1112064K
  class space    used 8465K, capacity 9283K, committed 9344K, reserved 1048576K
}
Event: 204.759 GC heap before
{Heap before GC invocations=33 (full 3):
 PSYoungGen      total 222208K, used 222035K [0x00000000f0000000, 0x0000000100000000, 0x0000000100000000)
  eden space 194560K, 100% used [0x00000000f0000000,0x00000000fbe00000,0x00000000fbe00000)
  from space 27648K, 99% used [0x00000000fbe00000,0x00000000fd8d4e28,0x00000000fd900000)
  to   space 35840K, 0% used [0x00000000fdd00000,0x00000000fdd00000,0x0000000100000000)
 ParOldGen       total 524288K, used 92581K [0x00000000d0000000, 0x00000000f0000000, 0x00000000f0000000)
  object space 524288K, 17% used [0x00000000d0000000,0x00000000d5a69778,0x00000000f0000000)
 Metaspace       used 69450K, capacity 72756K, committed 73048K, reserved 1112064K
  class space    used 8589K, capacity 9473K, committed 9600K, reserved 1048576K
Event: 204.787 GC heap after
Heap after GC invocations=33 (full 3):
 PSYoungGen      total 215040K, used 35834K [0x00000000f0000000, 0x0000000100000000, 0x0000000100000000)
  eden space 179200K, 0% used [0x00000000f0000000,0x00000000f0000000,0x00000000faf00000)
  from space 35840K, 99% used [0x00000000fdd00000,0x00000000ffffe8c0,0x0000000100000000)
  to   space 41472K, 0% used [0x00000000faf00000,0x00000000faf00000,0x00000000fd780000)
 ParOldGen       total 524288K, used 95075K [0x00000000d0000000, 0x00000000f0000000, 0x00000000f0000000)
  object space 524288K, 18% used [0x00000000d0000000,0x00000000d5cd8fd8,0x00000000f0000000)
 Metaspace       used 69450K, capacity 72756K, committed 73048K, reserved 1112064K
  class space    used 8589K, capacity 9473K, committed 9600K, reserved 1048576K
}

Deoptimization events (0 events):
No events

Internal exceptions (10 events):
Event: 205.852 Thread 0x00007f29619ee000 Exception <a 'java/lang/ArrayIndexOutOfBoundsException'> (0x00000000f180b608) thrown at [/build/openjdk-8-W2Qe27/openjdk-8-8u151-b12/src/hotspot/src/share/vm/runtime/sharedRuntime.cpp, line 605]
Event: 205.852 Thread 0x00007f29619ee000 Exception <a 'java/lang/ArrayIndexOutOfBoundsException'> (0x00000000f180de80) thrown at [/build/openjdk-8-W2Qe27/openjdk-8-8u151-b12/src/hotspot/src/share/vm/runtime/sharedRuntime.cpp, line 605]
Event: 205.853 Thread 0x00007f29619ee000 Exception <a 'java/lang/ArrayIndexOutOfBoundsException'> (0x00000000f1814728) thrown at [/build/openjdk-8-W2Qe27/openjdk-8-8u151-b12/src/hotspot/src/share/vm/runtime/sharedRuntime.cpp, line 605]
Event: 205.853 Thread 0x00007f29619ee000 Exception <a 'java/lang/ArrayIndexOutOfBoundsException'> (0x00000000f18172b0) thrown at [/build/openjdk-8-W2Qe27/openjdk-8-8u151-b12/src/hotspot/src/share/vm/runtime/sharedRuntime.cpp, line 605]
Event: 205.853 Thread 0x00007f29619ee000 Exception <a 'java/lang/ArrayIndexOutOfBoundsException'> (0x00000000f181ae68) thrown at [/build/openjdk-8-W2Qe27/openjdk-8-8u151-b12/src/hotspot/src/share/vm/runtime/sharedRuntime.cpp, line 605]
Event: 205.853 Thread 0x00007f29619ee000 Exception <a 'java/lang/ArrayIndexOutOfBoundsException'> (0x00000000f1820668) thrown at [/build/openjdk-8-W2Qe27/openjdk-8-8u151-b12/src/hotspot/src/share/vm/runtime/sharedRuntime.cpp, line 605]
Event: 205.853 Thread 0x00007f29619ee000 Exception <a 'java/lang/ArrayIndexOutOfBoundsException'> (0x00000000f18231a8) thrown at [/build/openjdk-8-W2Qe27/openjdk-8-8u151-b12/src/hotspot/src/share/vm/runtime/sharedRuntime.cpp, line 605]
Event: 205.853 Thread 0x00007f29619ee000 Exception <a 'java/lang/ArrayIndexOutOfBoundsException'> (0x00000000f1829210) thrown at [/build/openjdk-8-W2Qe27/openjdk-8-8u151-b12/src/hotspot/src/share/vm/runtime/sharedRuntime.cpp, line 605]
Event: 205.853 Thread 0x00007f29619ee000 Exception <a 'java/lang/ArrayIndexOutOfBoundsException'> (0x00000000f182dc00) thrown at [/build/openjdk-8-W2Qe27/openjdk-8-8u151-b12/src/hotspot/src/share/vm/runtime/sharedRuntime.cpp, line 605]
Event: 205.853 Thread 0x00007f29619ee000 Exception <a 'java/lang/ArrayIndexOutOfBoundsException'> (0x00000000f182f7b0) thrown at [/build/openjdk-8-W2Qe27/openjdk-8-8u151-b12/src/hotspot/src/share/vm/runtime/sharedRuntime.cpp, line 605]

Events (10 events):
Event: 205.881 Thread 0x00007f296079f000 flushing nmethod 0x00007f29516aff90
Event: 205.881 Thread 0x00007f296079f000 flushing nmethod 0x00007f29516b1c50
Event: 205.881 Thread 0x00007f296079f000 flushing nmethod 0x00007f29516b6250
Event: 205.881 Thread 0x00007f296079f000 flushing nmethod 0x00007f29516bcf10
Event: 205.881 Thread 0x00007f296079f000 flushing nmethod 0x00007f29516cf110
Event: 205.881 Thread 0x00007f296079f000 flushing nmethod 0x00007f29516d2110
Event: 205.884 Thread 0x00007f296079f000 flushing nmethod 0x00007f2951881b90
Event: 205.884 Thread 0x00007f296079f000 flushing nmethod 0x00007f2951886a90
Event: 205.903 Executing VM operation: RevokeBias
Event: 205.903 Executing VM operation: RevokeBias done


Dynamic libraries:
00400000-00401000 r-xp 00000000 08:01 5771719                            /usr/lib/jvm/java-8-openjdk-amd64/jre/bin/java
00600000-00601000 r--p 00000000 08:01 5771719                            /usr/lib/jvm/java-8-openjdk-amd64/jre/bin/java
00601000-00602000 rw-p 00001000 08:01 5771719                            /usr/lib/jvm/java-8-openjdk-amd64/jre/bin/java
01f7f000-01fc1000 rw-p 00000000 00:00 0                                  [heap]
d0000000-100960000 rw-p 00000000 00:00 0 
100960000-140000000 ---p 00000000 00:00 0 
7f28c8000000-7f28c8021000 rw-p 00000000 00:00 0 
7f28c8021000-7f28cc000000 ---p 00000000 00:00 0 
7f28cf1fa000-7f28cf23a000 rw-p 00000000 00:00 0 
7f28cf23a000-7f28cf3fa000 ---p 00000000 00:00 0 
7f28cf3fa000-7f28cf5fa000 rw-p 00000000 00:00 0 
7f28cf5fa000-7f28cf7fa000 rw-p 00000000 00:00 0 
7f28cf7fa000-7f28cf9fa000 rw-p 00000000 00:00 0 
7f28cf9fa000-7f28cf9fd000 ---p 00000000 00:00 0 
7f28cf9fd000-7f28cfafb000 rw-p 00000000 00:00 0 
7f28cfafb000-7f28cfafe000 ---p 00000000 00:00 0 
7f28cfafe000-7f28cfbfc000 rw-p 00000000 00:00 0 
7f28cfbfc000-7f28cfbff000 ---p 00000000 00:00 0 
7f28cfbff000-7f28cfcfd000 rw-p 00000000 00:00 0 
7f28cfcfd000-7f28cfd00000 ---p 00000000 00:00 0 
7f28cfd00000-7f28cfdfe000 rw-p 00000000 00:00 0 
7f28cfdfe000-7f28cfe01000 ---p 00000000 00:00 0 
7f28cfe01000-7f28cfeff000 rw-p 00000000 00:00 0 
7f28cfeff000-7f28cff02000 ---p 00000000 00:00 0 
7f28cff02000-7f28d0000000 rw-p 00000000 00:00 0 
7f28d0000000-7f28d0021000 rw-p 00000000 00:00 0 
7f28d0021000-7f28d4000000 ---p 00000000 00:00 0 
7f28d4000000-7f28d4021000 rw-p 00000000 00:00 0 
7f28d4021000-7f28d8000000 ---p 00000000 00:00 0 
7f28d8000000-7f28d8021000 rw-p 00000000 00:00 0 
7f28d8021000-7f28dc000000 ---p 00000000 00:00 0 
7f28dc000000-7f28dc021000 rw-p 00000000 00:00 0 
7f28dc021000-7f28e0000000 ---p 00000000 00:00 0 
7f28e0000000-7f28e0036000 rw-p 00000000 00:00 0 
7f28e0036000-7f28e4000000 ---p 00000000 00:00 0 
7f28e4000000-7f28e411f000 rw-p 00000000 00:00 0 
7f28e411f000-7f28e8000000 ---p 00000000 00:00 0 
7f28e8000000-7f28e8026000 rw-p 00000000 00:00 0 
7f28e8026000-7f28ec000000 ---p 00000000 00:00 0 
7f28ec000000-7f28ec1da000 rw-p 00000000 00:00 0 
7f28ec1da000-7f28f0000000 ---p 00000000 00:00 0 
7f28f0000000-7f28f0021000 rw-p 00000000 00:00 0 
7f28f0021000-7f28f4000000 ---p 00000000 00:00 0 
7f28f4000000-7f28f4021000 rw-p 00000000 00:00 0 
7f28f4021000-7f28f8000000 ---p 00000000 00:00 0 
7f28f8000000-7f28f8070000 rw-p 00000000 00:00 0 
7f28f8070000-7f28fc000000 ---p 00000000 00:00 0 
7f28fc000000-7f28fc021000 rw-p 00000000 00:00 0 
7f28fc021000-7f2900000000 ---p 00000000 00:00 0 
7f2900000000-7f2900021000 rw-p 00000000 00:00 0 
7f2900021000-7f2904000000 ---p 00000000 00:00 0 
7f2904000000-7f2904021000 rw-p 00000000 00:00 0 
7f2904021000-7f2908000000 ---p 00000000 00:00 0 
7f2908000000-7f2908185000 rw-p 00000000 00:00 0 
7f2908185000-7f290c000000 ---p 00000000 00:00 0 
7f290c0cd000-7f290c0d0000 ---p 00000000 00:00 0 
7f290c0d0000-7f290c1ce000 rw-p 00000000 00:00 0 
7f290c1ce000-7f290c1d1000 ---p 00000000 00:00 0 
7f290c1d1000-7f290c2cf000 rw-p 00000000 00:00 0 
7f290c2cf000-7f290c2d2000 ---p 00000000 00:00 0 
7f290c2d2000-7f290c3d0000 rw-p 00000000 00:00 0 
7f290c3d0000-7f290c3d3000 ---p 00000000 00:00 0 
7f290c3d3000-7f290c4d1000 rw-p 00000000 00:00 0 
7f290c4d1000-7f290c4d4000 ---p 00000000 00:00 0 
7f290c4d4000-7f290c5d2000 rw-p 00000000 00:00 0 
7f290c5d2000-7f290c5d5000 ---p 00000000 00:00 0 
7f290c5d5000-7f290c6d3000 rw-p 00000000 00:00 0 
7f290c6d3000-7f290c6d6000 ---p 00000000 00:00 0 
7f290c6d6000-7f290c7d4000 rw-p 00000000 00:00 0 
7f290c7d4000-7f290c7d7000 ---p 00000000 00:00 0 
7f290c7d7000-7f290c8d5000 rw-p 00000000 00:00 0 
7f290c8d5000-7f290c8d8000 ---p 00000000 00:00 0 
7f290c8d8000-7f290c9d6000 rw-p 00000000 00:00 0 
7f290c9d6000-7f290c9d9000 ---p 00000000 00:00 0 
7f290c9d9000-7f290cad7000 rw-p 00000000 00:00 0 
7f290cad7000-7f290cada000 ---p 00000000 00:00 0 
7f290cada000-7f290cbd8000 rw-p 00000000 00:00 0 
7f290cbd8000-7f290cbdb000 ---p 00000000 00:00 0 
7f290cbdb000-7f290ced9000 rw-p 00000000 00:00 0 
7f290ced9000-7f290d0d9000 rw-p 00000000 00:00 0 
7f290d0d9000-7f290d2d9000 rw-p 00000000 00:00 0 
7f290d2d9000-7f290d4d9000 rw-p 00000000 00:00 0 
7f290d4d9000-7f290d4dc000 ---p 00000000 00:00 0 
7f290d4dc000-7f290d5da000 rw-p 00000000 00:00 0 
7f290d5da000-7f290d5dd000 ---p 00000000 00:00 0 
7f290d5dd000-7f290d6db000 rw-p 00000000 00:00 0 
7f290d6db000-7f290d6de000 ---p 00000000 00:00 0 
7f290d6de000-7f290d7dc000 rw-p 00000000 00:00 0 
7f290d7dc000-7f290d7df000 ---p 00000000 00:00 0 
7f290d7df000-7f290d8dd000 rw-p 00000000 00:00 0 
7f290d8dd000-7f290d8e2000 r--s 002f9000 08:01 5900620                    /usr/lib/jvm/java-8-openjdk-amd64/jre/lib/charsets.jar
7f290d8e2000-7f290dae2000 rw-p 00000000 00:00 0 
7f290dae2000-7f290dce2000 rw-p 00000000 00:00 0 
7f290dce2000-7f290dee2000 rw-p 00000000 00:00 0 
7f290dee2000-7f290e0e2000 rw-p 00000000 00:00 0 
7f290e0e2000-7f290e2e2000 rw-p 00000000 00:00 0 
7f290e2e2000-7f290e4e2000 rw-p 00000000 00:00 0 
7f290e4e2000-7f290e6e2000 rw-p 00000000 00:00 0 
7f290e6e2000-7f290e8e2000 rw-p 00000000 00:00 0 
7f290e8e2000-7f290ead8000 rw-p 00000000 00:00 0 
7f290ead8000-7f290eae2000 ---p 00000000 00:00 0 
7f290eae2000-7f290ece2000 rw-p 00000000 00:00 0 
7f290ece2000-7f290eee2000 rw-p 00000000 00:00 0 
7f290eee2000-7f290f0e2000 rw-p 00000000 00:00 0 
7f290f0e2000-7f290f2e2000 rw-p 00000000 00:00 0 
7f290f2e2000-7f290f2f3000 r-xp 00000000 08:01 6685757                    /usr/lib/jvm/java-8-openjdk-amd64/jre/lib/amd64/libnio.so
7f290f2f3000-7f290f4f3000 ---p 00011000 08:01 6685757                    /usr/lib/jvm/java-8-openjdk-amd64/jre/lib/amd64/libnio.so
7f290f4f3000-7f290f4f4000 r--p 00011000 08:01 6685757                    /usr/lib/jvm/java-8-openjdk-amd64/jre/lib/amd64/libnio.so
7f290f4f4000-7f290f4f5000 rw-p 00012000 08:01 6685757                    /usr/lib/jvm/java-8-openjdk-amd64/jre/lib/amd64/libnio.so
7f290f4f5000-7f290f6f5000 rw-p 00000000 00:00 0 
7f290f6f5000-7f290f8f5000 rw-p 00000000 00:00 0 
7f290f8f5000-7f290f8f8000 ---p 00000000 00:00 0 
7f290f8f8000-7f290fbf6000 rw-p 00000000 00:00 0 
7f290fbf6000-7f290fbff000 r-xp 00000000 08:01 6685732                    /usr/lib/jvm/java-8-openjdk-amd64/jre/lib/amd64/libmanagement.so
7f290fbff000-7f290fdfe000 ---p 00009000 08:01 6685732                    /usr/lib/jvm/java-8-openjdk-amd64/jre/lib/amd64/libmanagement.so
7f290fdfe000-7f290fdff000 r--p 00008000 08:01 6685732                    /usr/lib/jvm/java-8-openjdk-amd64/jre/lib/amd64/libmanagement.so
7f290fdff000-7f290fe00000 rw-p 00009000 08:01 6685732                    /usr/lib/jvm/java-8-openjdk-amd64/jre/lib/amd64/libmanagement.so
7f290fe00000-7f2910000000 rw-p 00000000 00:00 0 
7f2910000000-7f2910021000 rw-p 00000000 00:00 0 
7f2910021000-7f2914000000 ---p 00000000 00:00 0 
7f2914000000-7f291404b000 rw-p 00000000 00:00 0 
7f291404b000-7f2918000000 ---p 00000000 00:00 0 
7f2918000000-7f2918e5e000 rw-p 00000000 00:00 0 
7f2918e5e000-7f291c000000 ---p 00000000 00:00 0 
7f291c000000-7f291c021000 rw-p 00000000 00:00 0 
7f291c021000-7f2920000000 ---p 00000000 00:00 0 
7f2920000000-7f2920086000 rw-p 00000000 00:00 0 
7f2920086000-7f2924000000 ---p 00000000 00:00 0 
7f2924000000-7f2924021000 rw-p 00000000 00:00 0 
7f2924021000-7f2928000000 ---p 00000000 00:00 0 
7f2928000000-7f2928021000 rw-p 00000000 00:00 0 
7f2928021000-7f292c000000 ---p 00000000 00:00 0 
7f292c000000-7f292c021000 rw-p 00000000 00:00 0 
7f292c021000-7f2930000000 ---p 00000000 00:00 0 
7f2930000000-7f293004a000 rw-p 00000000 00:00 0 
7f293004a000-7f2934000000 ---p 00000000 00:00 0 
7f2934000000-7f2934021000 rw-p 00000000 00:00 0 
7f2934021000-7f2938000000 ---p 00000000 00:00 0 
7f2938000000-7f2938021000 rw-p 00000000 00:00 0 
7f2938021000-7f293c000000 ---p 00000000 00:00 0 
7f293c000000-7f293c02a000 rw-p 00000000 00:00 0 
7f293c02a000-7f2940000000 ---p 00000000 00:00 0 
7f2940000000-7f2940024000 rw-p 00000000 00:00 0 
7f2940024000-7f2944000000 ---p 00000000 00:00 0 
7f2944003000-7f2944008000 r--s 0009a000 08:01 5900622                    /usr/lib/jvm/java-8-openjdk-amd64/jre/lib/jsse.jar
7f2944008000-7f294400b000 ---p 00000000 00:00 0 
7f294400b000-7f2944309000 rw-p 00000000 00:00 0 
7f2944309000-7f2944509000 rw-p 00000000 00:00 0 
7f2944509000-7f2944709000 rw-p 00000000 00:00 0 
7f2944709000-7f294770a000 rw-p 00000000 00:00 0 
7f294770a000-7f2947721000 r-xp 00000000 08:01 6685746                    /usr/lib/jvm/java-8-openjdk-amd64/jre/lib/amd64/libnet.so
7f2947721000-7f2947920000 ---p 00017000 08:01 6685746                    /usr/lib/jvm/java-8-openjdk-amd64/jre/lib/amd64/libnet.so
7f2947920000-7f2947921000 r--p 00016000 08:01 6685746                    /usr/lib/jvm/java-8-openjdk-amd64/jre/lib/amd64/libnet.so
7f2947921000-7f2947922000 rw-p 00017000 08:01 6685746                    /usr/lib/jvm/java-8-openjdk-amd64/jre/lib/amd64/libnet.so
7f2947922000-7f2947925000 ---p 00000000 00:00 0 
7f2947925000-7f2947a23000 rw-p 00000000 00:00 0 
7f2947a23000-7f2947a36000 r--s 00346000 08:01 5900621                    /usr/lib/jvm/java-8-openjdk-amd64/jre/lib/resources.jar
7f2947a36000-7f2947a37000 ---p 00000000 00:00 0 
7f2947a37000-7f2947b37000 rw-p 00000000 00:00 0 
7f2947b37000-7f2947b3a000 ---p 00000000 00:00 0 
7f2947b3a000-7f2947c38000 rw-p 00000000 00:00 0 
7f2947c38000-7f2947c3b000 ---p 00000000 00:00 0 
7f2947c3b000-7f2947d39000 rw-p 00000000 00:00 0 
7f2947d39000-7f2947d3c000 ---p 00000000 00:00 0 
7f2947d3c000-7f2947e3a000 rw-p 00000000 00:00 0 
7f2947e3a000-7f2947e3d000 ---p 00000000 00:00 0 
7f2947e3d000-7f2947f3b000 rw-p 00000000 00:00 0 
7f2947f3b000-7f2947f42000 r--s 00065000 08:06 918426                     /home/prachi/.gradle/caches/modules-2/files-2.1/org.springframework/springloaded/1.2.8.RELEASE/b60bac05b0451cdc1863bfec617f39aa0dcaaa43/springloaded-1.2.8.RELEASE.jar
7f2947f42000-7f2947f7b000 r--s 00382000 08:06 918131                     /home/prachi/.gradle/caches/modules-2/files-2.1/com.google.javascript/closure-compiler-unshaded/v20160713/7df7b683e16c93f65361a15356283599ba012c78/closure-compiler-unshaded-v20160713.jar
7f2947f7b000-7f2947f88000 r--s 00109000 08:06 918129                     /home/prachi/.gradle/caches/modules-2/files-2.1/org.mozilla/rhino/1.7R4/e982f2136574b9a423186fbaeaaa98dc3e5a5288/rhino-1.7R4.jar
7f2947f88000-7f2947f95000 r--s 00083000 08:06 918229                     /home/prachi/.gradle/caches/modules-2/files-2.1/commons-collections/commons-collections/3.2.2/8ad72fe39fa8c91eaaf12aadb21e0c3661fe26d5/commons-collections-3.2.2.jar
7f2947f95000-7f2947f9c000 r--s 0003f000 08:06 1049147                    /home/prachi/.gradle/caches/modules-2/files-2.1/commons-codec/commons-codec/1.10/4b95f4897fa13f2cd904aee711aeafc0c5295cd8/commons-codec-1.10.jar
7f2947f9c000-7f2947fa0000 r--s 0000c000 08:06 9439690                    /home/prachi/.m2/repository/javax/validation/validation-api/1.1.0.Final/validation-api-1.1.0.Final.jar
7f2947fa0000-7f2947fa3000 r--s 00029000 08:06 918207                     /home/prachi/.gradle/caches/modules-2/files-2.1/commons-validator/commons-validator/1.5.1/86d05a46e8f064b300657f751b5a98c62807e2a0/commons-validator-1.5.1.jar
7f2947fa3000-7f2947fa9000 r--s 00027000 08:06 1049145                    /home/prachi/.gradle/caches/modules-2/files-2.1/opensymphony/sitemesh/2.4/fa84c82cce30a9a632c08dd2277d63993d972cf5/sitemesh-2.4.jar
7f2947fa9000-7f2947fab000 r--s 00007000 08:06 1049143                    /home/prachi/.gradle/caches/modules-2/files-2.1/org.grails/grails-web-taglib/3.3.1/ca323146797a4ff2bb4f630890f4c400a0860395/grails-web-taglib-3.3.1.jar
7f2947fab000-7f2947fae000 r--s 00015000 08:06 1049141                    /home/prachi/.gradle/caches/modules-2/files-2.1/org.grails/grails-taglib/3.3.1/772e8b5f992f6602cab07c7a58ab2924f97eed02/grails-taglib-3.3.1.jar
7f2947fae000-7f2947fb1000 r--s 0001d000 08:06 918089                     /home/prachi/.gradle/caches/modules-2/files-2.1/org.codehaus.groovy/groovy-json/2.4.14/a93bc3945132f96e43e6caf9b7b10164e5d80938/groovy-json-2.4.14.jar
7f2947fb1000-7f2947fb5000 r--s 00042000 08:06 1049139                    /home/prachi/.gradle/caches/modules-2/files-2.1/com.fasterxml.jackson.core/jackson-core/2.8.10/eb21a035c66ad307e66ec8fce37f5d50fd62d039/jackson-core-2.8.10.jar
7f2947fb5000-7f2947fb8000 r--s 0000b000 08:06 9175891                    /home/prachi/.m2/repository/com/fasterxml/jackson/core/jackson-annotations/2.8.0/jackson-annotations-2.8.0.jar
7f2947fb8000-7f2947fb9000 r--s 00005000 08:06 1049137                    /home/prachi/.gradle/caches/modules-2/files-2.1/org.grails/grails-codecs/3.3.3/d83f50639cd7610bf40d487048bbea4985408e7d/grails-codecs-3.3.3.jar
7f2947fb9000-7f2947fc2000 r--s 0002d000 08:06 1049135                    /home/prachi/.gradle/caches/modules-2/files-2.1/xml-apis/xml-apis/1.4.01/3789d9fada2d3d458c4ba2de349d48780f381ee3/xml-apis-1.4.01.jar
7f2947fc2000-7f2947fc4000 r--s 00008000 08:06 918127                     /home/prachi/.gradle/caches/modules-2/files-2.1/javax.el/javax.el-api/2.2.4/1287562cc3f0ff5439ded6f2949e73ce1c0edaab/javax.el-api-2.2.4.jar
7f2947fc4000-7f2947fd5000 r--s 000a1000 08:06 1049133                    /home/prachi/.gradle/caches/modules-2/files-2.1/org.hibernate/hibernate-validator/5.3.6.Final/4c730be8bf55a8e9a61e79a2f2c079abf48b718/hibernate-validator-5.3.6.Final.jar
7f2947fd5000-7f2947fdd000 r--s 0005f000 08:06 918123                     /home/prachi/.gradle/caches/modules-2/files-2.1/org.grails/grails-datastore-gorm-hibernate-core/6.1.9.RELEASE/2e6cbb775454d058418ad721eb2da8de705ac68e/grails-datastore-gorm-hibernate-core-6.1.9.RELEASE.jar
7f2947fdd000-7f2947fef000 r--s 000b8000 08:06 918115                     /home/prachi/.gradle/caches/modules-2/files-2.1/org.springframework/spring-web/4.3.14.RELEASE/a0c3bf3ad661db185675bd5af350f35ed11f0903/spring-web-4.3.14.RELEASE.jar
7f2947fef000-7f2948000000 r--s 000d1000 08:06 918119                     /home/prachi/.gradle/caches/modules-2/files-2.1/org.grails/grails-datastore-gorm/6.1.9.RELEASE/10aa03cbea4784b3b6b49d876796c987732b2ab1/grails-datastore-gorm-6.1.9.RELEASE.jar
7f2948000000-7f294803c000 rw-p 00000000 00:00 0 
7f294803c000-7f294c000000 ---p 00000000 00:00 0 
7f294c000000-7f294c005000 r--s 00026000 08:06 1049131                    /home/prachi/.gradle/caches/modules-2/files-2.1/org.grails/scaffolding-core/1.1.1/c79e9bd310896f3afbba331170c54fa2ce7f9a5d/scaffolding-core-1.1.1.jar
7f294c005000-7f294c008000 r--s 00013000 08:06 918179                     /home/prachi/.gradle/caches/modules-2/files-2.1/org.grails/grails-datastore-gorm-validation/6.1.9.RELEASE/c1685a5eb890339816c3e256bd43367b1149cdef/grails-datastore-gorm-validation-6.1.9.RELEASE.jar
7f294c008000-7f294c00a000 r--s 00014000 08:06 1049129                    /home/prachi/.gradle/caches/modules-2/files-2.1/org.apache.tomcat.embed/tomcat-embed-logging-log4j/8.5.2/53bdd1eebc7393713261d178ac096a742423f940/tomcat-embed-logging-log4j-8.5.2.jar
7f294c00a000-7f294c00d000 r--s 00012000 08:06 1049127                    /home/prachi/.gradle/caches/modules-2/files-2.1/org.codehaus.groovy/groovy-sql/2.4.14/f3a122ef2b28e46fc0247318157d93c792a3a128/groovy-sql-2.4.14.jar
7f294c00d000-7f294c017000 r--s 0005f000 08:06 918183                     /home/prachi/.gradle/caches/modules-2/files-2.1/org.springframework/spring-jdbc/4.3.14.RELEASE/1b1b9045d9ec1e067d99bf158210e9e7cf2ebfd2/spring-jdbc-4.3.14.RELEASE.jar
7f294c017000-7f294c019000 r--s 00006000 08:06 1049125                    /home/prachi/.gradle/caches/modules-2/files-2.1/org.grails/grails-plugin-domain-class/3.3.3/bb6912bed62003ae03a12ba9e263e4a01fa6746a/grails-plugin-domain-class-3.3.3.jar
7f294c019000-7f294c01a000 r--s 00004000 08:06 1049123                    /home/prachi/.gradle/caches/modules-2/files-2.1/org.grails/grails-plugin-validation/3.3.3/943ccdf7d5c26dab992535cb741c2bd4c8106a31/grails-plugin-validation-3.3.3.jar
7f294c01a000-7f294c01c000 r--s 00009000 08:06 1049121                    /home/prachi/.gradle/caches/modules-2/files-2.1/org.grails/grails-plugin-mimetypes/3.3.3/52fb0d4d5a89ebc439d15952f3a6905ad4a8a518/grails-plugin-mimetypes-3.3.3.jar
7f294c01c000-7f294c01e000 r--s 0000b000 08:06 1049119                    /home/prachi/.gradle/caches/modules-2/files-2.1/org.grails/grails-web-sitemesh/3.3.1/d639808f26ff1e16e32cb86129fd847961575abe/grails-web-sitemesh-3.3.1.jar
7f294c01e000-7f294c020000 r--s 00011000 08:06 1049117                    /home/prachi/.gradle/caches/modules-2/files-2.1/org.grails/grails-web-gsp/3.3.1/5670ed8376f739528fdb21de0514d2cc22c5a276/grails-web-gsp-3.3.1.jar
7f294c020000-7f294c021000 r--s 00005000 08:06 1049115                    /home/prachi/.gradle/caches/modules-2/files-2.1/org.grails/grails-web-mvc/3.3.3/4c2ca5e35f103a1744a36e6fd9f8e619b4d5f58b/grails-web-mvc-3.3.3.jar
7f294c021000-7f294c024000 r--s 0002a000 08:06 1049113                    /home/prachi/.gradle/caches/modules-2/files-2.1/org.grails/grails-web-url-mappings/3.3.3/126dfff77bffe35e4fcffad85363ee92ccf59c63/grails-web-url-mappings-3.3.3.jar
7f294c024000-7f294c027000 r--s 00014000 08:06 1049111                    /home/prachi/.gradle/caches/modules-2/files-2.1/org.grails/grails-web-databinding/3.3.3/65cd6bca20dab539cf8aa1ab138228554f427a29/grails-web-databinding-3.3.3.jar
7f294c027000-7f294c02c000 r--s 00029000 08:06 1049109                    /home/prachi/.gradle/caches/modules-2/files-2.1/org.springframework/spring-context-support/4.3.14.RELEASE/c4f5f32bf8665bd05ee6b3b3f31bdb43fcb597ee/spring-context-support-4.3.14.RELEASE.jar
7f294c02c000-7f294c03e000 r--s 000cf000 08:06 1049107                    /home/prachi/.gradle/caches/modules-2/files-2.1/org.springframework/spring-webmvc/4.3.14.RELEASE/1571eab8a807005d424ca16fedd54b1f439787b2/spring-webmvc-4.3.14.RELEASE.jar
7f294c03e000-7f294c041000 r--s 00027000 08:06 1049105                    /home/prachi/.gradle/caches/modules-2/files-2.1/org.grails/grails-gsp/3.3.1/88115473871aeb898b590958ef2ba8a9cbd7dbb0/grails-gsp-3.3.1.jar
7f294c041000-7f294c045000 r--s 00029000 08:06 1049103                    /home/prachi/.gradle/caches/modules-2/files-2.1/org.grails/grails-encoder/3.3.3/f8d5d74d3ac07e0c58a1236a763a8eb206b737fc/grails-encoder-3.3.3.jar
7f294c045000-7f294c048000 r--s 0000f000 08:06 1049101                    /home/prachi/.gradle/caches/modules-2/files-2.1/org.grails/grails-databinding/3.3.3/531a198141efc1f5afae269207778e7a1e0a3648/grails-databinding-3.3.3.jar
7f294c048000-7f294c04a000 r--s 00002000 08:06 1049099                    /home/prachi/.gradle/caches/modules-2/files-2.1/org.apache.tomcat/tomcat-annotations-api/8.5.27/122c0a4acaba72bf4590e83c9fbcb3475c46edc5/tomcat-annotations-api-8.5.27.jar
7f294c04a000-7f294c05c000 r--s 0011e000 08:06 1049097                    /home/prachi/.gradle/caches/modules-2/files-2.1/com.fasterxml.jackson.core/jackson-databind/2.8.10/f7b83cb2bc4b88d53961e749e1ad32f49ef017b7/jackson-databind-2.8.10.jar
7f294c05c000-7f294c05d000 r--s 00003000 08:06 9175862                    /home/prachi/.m2/repository/javax/transaction/jta/1.1/jta-1.1.jar
7f294c05d000-7f294c063000 r--s 0003d000 08:06 1049095                    /home/prachi/.gradle/caches/modules-2/files-2.1/org.yaml/snakeyaml/1.17/7a27ea250c5130b2922b86dea63cbb1cc10a660c/snakeyaml-1.17.jar
7f294c063000-7f294c066000 r--s 00016000 08:06 918105                     /home/prachi/.gradle/caches/modules-2/files-2.1/org.codehaus.groovy/groovy-templates/2.4.14/7d4557541cc09b66b0a531123d2f678c3592040/groovy-templates-2.4.14.jar
7f294c066000-7f294c06a000 r--s 00031000 08:06 918103                     /home/prachi/.gradle/caches/modules-2/files-2.1/org.codehaus.groovy/groovy-xml/2.4.14/965e9ce97385f43219fdf6fd23e0ae452aeab797/groovy-xml-2.4.14.jar
7f294c06a000-7f294c06f000 r--s 0003c000 08:06 1049093                    /home/prachi/.gradle/caches/modules-2/files-2.1/org.springframework/spring-expression/4.3.14.RELEASE/58477b44debcb49b09e962e3047ee74c2c033e89/spring-expression-4.3.14.RELEASE.jar
7f294c06f000-7f294c078000 r--s 00054000 08:06 1049091                    /home/prachi/.gradle/caches/modules-2/files-2.1/org.springframework/spring-aop/4.3.14.RELEASE/dfe55b0592aead8e3eb0e6a4e98db433b9e09bd7/spring-aop-4.3.14.RELEASE.jar
7f294c078000-7f294c07a000 r--s 0000e000 08:06 9175855                    /home/prachi/.m2/repository/commons-logging/commons-logging/1.2/commons-logging-1.2.jar
7f294c07a000-7f294c085000 r--s 0006a000 08:06 1049089                    /home/prachi/.gradle/caches/modules-2/files-2.1/ch.qos.logback/logback-core/1.1.11/88b8df40340eed549fb07e2613879bf6b006704d/logback-core-1.1.11.jar
7f294c085000-7f294c089000 r--s 00049000 08:06 918083                     /home/prachi/.gradle/caches/modules-2/files-2.1/com.bertramlabs.plugins/asset-pipeline-core/2.14.8/4e1c17bbfb623fc66df7e5577a0be11973749cd7/asset-pipeline-core-2.14.8.jar
7f294c089000-7f294c08a000 r--s 0000b000 08:06 1049087                    /home/prachi/.gradle/caches/modules-2/files-2.1/org.apache.tomcat/tomcat-juli/8.5.27/583a08f2f59c6abdd86833b572b9a2f55e61a0f2/tomcat-juli-8.5.27.jar
7f294c08a000-7f294c08c000 r--s 00007000 08:06 1049085                    /home/prachi/.gradle/caches/modules-2/files-2.1/javax.el/el-api/2.1.2-b03/1ac087d9d1a632d2ff82fa1e8b6610aca025ff2a/el-api-2.1.2-b03.jar
7f294c08c000-7f294c090000 r--s 0002a000 08:06 9175971                    /home/prachi/.m2/repository/commons-io/commons-io/2.4/commons-io-2.4.jar
7f294c090000-7f294c092000 r--s 0001f000 08:06 1049083                    /home/prachi/.gradle/caches/modules-2/files-2.1/org.grails/grails-web-jsp/3.3.1/e45c3adb5f6fc6c7761227457d09114ec41c55fe/grails-web-jsp-3.3.1.jar
7f294c092000-7f294c093000 r--s 00004000 08:06 1049081                    /home/prachi/.gradle/caches/modules-2/files-2.1/org.grails/grails-plugin-codecs/3.3.3/bc890fb1addf1f0e1332a07c613cc4b069368506/grails-plugin-codecs-3.3.3.jar
7f294c093000-7f294c098000 r--s 00041000 08:06 1049079                    /home/prachi/.gradle/caches/modules-2/files-2.1/commons-lang/commons-lang/2.6/ce1edb914c94ebc388f086c6827e8bdeec71ac2/commons-lang-2.6.jar
7f294c098000-7f294c09a000 r--s 0000b000 08:06 1049077                    /home/prachi/.gradle/caches/modules-2/files-2.1/org.grails/grails-web-gsp-taglib/3.3.1/28e0c0776c9f5c6109b79a89860161db3369fe81/grails-web-gsp-taglib-3.3.1.jar
7f294c09a000-7f294c09d000 r--s 00010000 08:06 9175941                    /home/prachi/.m2/repository/org/hibernate/common/hibernate-commons-annotations/5.0.1.Final/hibernate-commons-annotations-5.0.1.Final.jar
7f294c09d000-7f294c0a2000 r--s 00048000 08:06 9175933                    /home/prachi/.m2/repository/dom4j/dom4j/1.6.1/dom4j-1.6.1.jar
7f294c0a2000-7f294c0a4000 r--s 0000e000 08:06 9438795                    /home/prachi/.m2/repository/com/fasterxml/classmate/1.3.4/classmate-1.3.4.jar
7f294c0a4000-7f294c0a7000 r--s 0002b000 08:06 9175937                    /home/prachi/.m2/repository/org/jboss/jandex/2.0.3.Final/jandex-2.0.3.Final.jar
7f294c0a7000-7f294c0a8000 r--s 00003000 08:06 9175943                    /home/prachi/.m2/repository/org/apache/geronimo/specs/geronimo-jta_1.1_spec/1.1.1/geronimo-jta_1.1_spec-1.1.1.jar
7f294c0a8000-7f294c0ad000 r--s 00068000 08:06 9175927                    /home/prachi/.m2/repository/antlr/antlr/2.7.7/antlr-2.7.7.jar
7f294c0ad000-7f294c0b0000 r--s 0000e000 08:06 9438791                    /home/prachi/.m2/repository/org/jboss/logging/jboss-logging/3.3.1.Final/jboss-logging-3.3.1.Final.jar
7f294c0b0000-7f294c0ba000 r--s 0006b000 08:06 918215                     /home/prachi/.gradle/caches/modules-2/files-2.1/org.springframework/spring-orm/4.3.14.RELEASE/721bc451d02070954ebee039d419b410c4697fcb/spring-orm-4.3.14.RELEASE.jar
7f294c0ba000-7f294c0be000 r--s 00039000 08:06 918081                     /home/prachi/.gradle/caches/modules-2/files-2.1/org.grails/grails-datastore-gorm-hibernate5/6.1.9.RELEASE/274a7467d54e74a7420eb667fed35ab034a3328c/grails-datastore-gorm-hibernate5-6.1.9.RELEASE.jar
7f294c0be000-7f294c0c1000 r--s 00012000 08:06 918079                     /home/prachi/.gradle/caches/modules-2/files-2.1/org.grails/grails-datastore-gorm-support/6.1.9.RELEASE/fc05459427731c62210c061610346a45ea8dd1df/grails-datastore-gorm-support-6.1.9.RELEASE.jar
7f294c0c1000-7f294c0c2000 r--s 00002000 08:06 918077                     /home/prachi/.gradle/caches/modules-2/files-2.1/org.grails/grails-datastore-web/6.1.9.RELEASE/3c33ef78b5d5787896ac305bc153354b3ffb5dab/grails-datastore-web-6.1.9.RELEASE.jar
7f294c0c2000-7f294c0c4000 r--s 00003000 08:06 1049075                    /home/prachi/.gradle/caches/modules-2/files-2.1/org.grails/grails-events-compat/3.3.2/1250482ac83841a19c75b150777a2d2c28592d33/grails-events-compat-3.3.2.jar
7f294c0c4000-7f294c0c5000 r--s 00007000 08:06 1049073                    /home/prachi/.gradle/caches/modules-2/files-2.1/org.grails/grails-events-transform/3.3.2/645c93ccb03ea27a23d6ac25265b01e5a63b9525/grails-events-transform-3.3.2.jar
7f294c0c5000-7f294c0c7000 r--s 0000b000 08:06 1049071                    /home/prachi/.gradle/caches/modules-2/files-2.1/org.grails/grails-events/3.3.2/a4c70fc8c391d8060d715ea68bfe4ff87761fd02/grails-events-3.3.2.jar
7f294c0c7000-7f294c0c9000 r--s 0001f000 08:06 1049069                    /home/prachi/.gradle/caches/modules-2/files-2.1/org.grails.plugins/fields/2.2.5/cdad4a9faa86560d4ff2c0bda6f2e981bdc2ce2d/fields-2.2.5.jar
7f294c0c9000-7f294c0cc000 r--s 0000e000 08:06 1049067                    /home/prachi/.gradle/caches/modules-2/files-2.1/org.grails/grails-async/3.3.2/df2d4d6d96161b1105298a951c6fff31dd52e1e9/grails-async-3.3.2.jar
7f294c0cc000-7f294c0d6000 r--s 000aa000 08:06 918217                     /home/prachi/.gradle/caches/modules-2/files-2.1/org.javassist/javassist/3.21.0-GA/598244f595db5c5fb713731eddbb1c91a58d959b/javassist-3.21.0-GA.jar
7f294c0d6000-7f294c0d9000 r--s 00016000 08:06 1049065                    /home/prachi/.gradle/caches/modules-2/files-2.1/org.grails/grails-validation/3.3.3/98f256f887d87862f9950c3b56eed4776f88be43/grails-validation-3.3.3.jar
7f294c0d9000-7f294c0dd000 r--s 0001e000 08:06 1049063                    /home/prachi/.gradle/caches/modules-2/files-2.1/org.grails.plugins/converters/3.3.1/afc1ea5fa7d7d52e83017856fa5a651d38145048/converters-3.3.1.jar
7f294c0dd000-7f294c0df000 r--s 00005000 08:06 1049061                    /home/prachi/.gradle/caches/modules-2/files-2.1/org.grails/grails-plugin-datasource/3.3.3/566393f066d5bce7bfa9f1ea42c78f077648128e/grails-plugin-datasource-3.3.3.jar
7f294c0df000-7f294c0e2000 r--s 00019000 08:06 1049059                    /home/prachi/.gradle/caches/modules-2/files-2.1/org.grails/grails-plugin-controllers/3.3.3/c022b8c2299058651fe43481497d4387f578e6eb/grails-plugin-controllers-3.3.3.jar
7f294c0e2000-7f294c0e3000 r--s 00005000 08:06 1049057                    /home/prachi/.gradle/caches/modules-2/files-2.1/org.grails/grails-web/3.3.3/bbbc6668ecf17c0818329b266db8d0738eaee98/grails-web-3.3.3.jar
7f294c0e3000-7f294c0e7000 r--s 00028000 08:06 1049055                    /home/prachi/.gradle/caches/modules-2/files-2.1/org.grails/grails-web-common/3.3.3/546aa0110478ac7c25ae3c5f982920b7a921157f/grails-web-common-3.3.3.jar
7f294c0e7000-7f294c0ec000 r--s 0003a000 08:06 1049053                    /home/prachi/.gradle/caches/modules-2/files-2.1/org.apache.tomcat.embed/tomcat-embed-websocket/8.5.27/3cba1c5187a17b0233de5712024d6e144036ba9a/tomcat-embed-websocket-8.5.27.jar
7f294c0ec000-7f294c0f0000 r--s 00037000 08:06 1049051                    /home/prachi/.gradle/caches/modules-2/files-2.1/org.apache.tomcat.embed/tomcat-embed-el/8.5.27/5a591bcf5c930d2b37bb40c0f95180604a3b1a57/tomcat-embed-el-8.5.27.jar
7f294c0f0000-7f294c119000 r--s 002ce000 08:06 1049049                    /home/prachi/.gradle/caches/modules-2/files-2.1/org.apache.tomcat.embed/tomcat-embed-core/8.5.27/a10612f0af27c7bfcc4e8d88393adad1fc5b4ece/tomcat-embed-core-8.5.27.jar
7f294c119000-7f294c129000 r--s 00079000 08:06 1049047                    /home/prachi/.gradle/caches/modules-2/files-2.1/org.springframework.boot/spring-boot-actuator/1.5.10.RELEASE/6cd22e2348aec18a19bedf86b5fb6d932d3f8c18/spring-boot-actuator-1.5.10.RELEASE.jar
7f294c129000-7f294c12a000 r--s 00000000 08:06 1049045                    /home/prachi/.gradle/caches/modules-2/files-2.1/org.springframework.boot/spring-boot-starter/1.5.10.RELEASE/d935ac98f84c1d97d7ccd702d21abdc236fa7aa0/spring-boot-starter-1.5.10.RELEASE.jar
7f294c12a000-7f294c12e000 r--s 00040000 08:06 1049043                    /home/prachi/.gradle/caches/modules-2/files-2.1/xalan/serializer/2.7.2/24247f3bb052ee068971393bdb83e04512bb1c3c/serializer-2.7.2.jar
7f294c12e000-7f294c13c000 r--s 00081000 08:06 918113                     /home/prachi/.gradle/caches/modules-2/files-2.1/org.grails/grails-datastore-core/6.1.9.RELEASE/9e23bf7bd0bdbcb1f3077cef552f4b86dfa7a015/grails-datastore-core-6.1.9.RELEASE.jar
7f294c13c000-7f294c13d000 r--s 00009000 08:06 1049041                    /home/prachi/.gradle/caches/modules-2/files-2.1/org.grails/grails-spring/3.3.3/be1fe22d63540139a61088c8776140222ba60349/grails-spring-3.3.3.jar
7f294c13d000-7f294c141000 r--s 0003a000 08:06 918067                     /home/prachi/.gradle/caches/modules-2/files-2.1/org.grails/grails-bootstrap/3.3.3/b5fcf73abb6ca0e16889eabf67532989e46a3df8/grails-bootstrap-3.3.3.jar
7f294c141000-7f294c15a000 r--s 000fe000 08:06 918117                     /home/prachi/.gradle/caches/modules-2/files-2.1/org.springframework/spring-context/4.3.14.RELEASE/e50a712960926c30e537ef4a633f5d9dd5a8b155/spring-context-4.3.14.RELEASE.jar
7f294c15a000-7f294c168000 r--s 000ad000 08:06 918175                     /home/prachi/.gradle/caches/modules-2/files-2.1/org.springframework/spring-beans/4.3.14.RELEASE/7bcd17a68dd64e9447d7bff2c42ba7417678596e/spring-beans-4.3.14.RELEASE.jar
7f294c168000-7f294c170000 r--s 0003a000 08:06 918177                     /home/prachi/.gradle/caches/modules-2/files-2.1/org.springframework/spring-tx/4.3.14.RELEASE/1c9449fcb805837db3c706eab4c729f89688a267/spring-tx-4.3.14.RELEASE.jar
7f294c170000-7f294c186000 r--s 000fe000 08:06 918143                     /home/prachi/.gradle/caches/modules-2/files-2.1/org.springframework/spring-core/4.3.14.RELEASE/c70ddb6204457a802d1f6882d65bca3e5b3c41df/spring-core-4.3.14.RELEASE.jar
7f294c186000-7f294c18a000 r--s 00019000 08:06 918173                     /home/prachi/.gradle/caches/modules-2/files-2.1/com.googlecode.concurrentlinkedhashmap/concurrentlinkedhashmap-lru/1.4.2/2eaf3d3c9746d526ff7e5b93931d482c3887e6ac/concurrentlinkedhashmap-lru-1.4.2.jar
7f294c18a000-7f294c18f000 r--s 00017000 08:06 9175947                    /home/prachi/.m2/repository/org/hibernate/javax/persistence/hibernate-jpa-2.1-api/1.0.0.Final/hibernate-jpa-2.1-api-1.0.0.Final.jar
7f294c18f000-7f294c191000 r--s 00009000 08:06 9308111                    /home/prachi/.m2/repository/org/slf4j/slf4j-api/1.7.25/slf4j-api-1.7.25.jar
7f294c191000-7f294c1de000 r--s 0042b000 08:06 918059                     /home/prachi/.gradle/caches/modules-2/files-2.1/org.codehaus.groovy/groovy/2.4.14/9023f1b5d771f272f45cfad3b9865482cff33582/groovy-2.4.14.jar
7f294c1de000-7f294c1ee000 r--s 00095000 08:06 1049039                    /home/prachi/.gradle/caches/modules-2/files-2.1/org.springframework.boot/spring-boot/1.5.10.RELEASE/594b3efa04829f62754a19f59f81ba204636167a/spring-boot-1.5.10.RELEASE.jar
7f294c1ee000-7f294c1f0000 r--s 00004000 08:06 1049037                    /home/prachi/.gradle/caches/modules-2/files-2.1/org.slf4j/log4j-over-slf4j/1.7.25/a87bb47468f47ee7aabbd54f93e133d4215769c3/log4j-over-slf4j-1.7.25.jar
7f294c1f0000-7f294c1f2000 r--s 00000000 08:06 9308451                    /home/prachi/.m2/repository/org/slf4j/jul-to-slf4j/1.7.25/jul-to-slf4j-1.7.25.jar
7f294c1f2000-7f294c1f4000 r--s 00003000 08:06 918061                     /home/prachi/.gradle/caches/modules-2/files-2.1/org.slf4j/jcl-over-slf4j/1.7.25/f8c32b13ff142a513eeb5b6330b1588dcb2c0461/jcl-over-slf4j-1.7.25.jar
7f294c1f4000-7f294c1fb000 r--s 00045000 08:06 1049035                    /home/prachi/.gradle/caches/modules-2/files-2.1/ch.qos.logback/logback-classic/1.1.11/ccedfbacef4a6515d2983e3f89ed753d5d4fb665/logback-classic-1.1.11.jar
7f294c1fb000-7f294c1fd000 r--s 0001e000 08:06 1049033                    /home/prachi/.gradle/caches/modules-2/files-2.1/com.bertramlabs.plugins/asset-pipeline-grails/2.14.8/b7a8bc6c1a6d7c499cd1a001d6d886365062b9e7/asset-pipeline-grails-2.14.8.jar
7f294c1fd000-7f294c200000 r--s 00021000 08:06 1049031                    /home/prachi/.gradle/caches/modules-2/files-2.1/org.apache.tomcat/tomcat-jdbc/8.5.27/f37dfae9e9afb6b2742e04a401e32264c5fec0ec/tomcat-jdbc-8.5.27.jar
7f294c200000-7f294c20f000 r--s 001ae000 08:06 1049029                    /home/prachi/.gradle/caches/modules-2/files-2.1/com.h2database/h2/1.4.196/dd0034398d593aa3588c6773faac429bbd9aea0e/h2-1.4.196.jar
7f294c20f000-7f294c212000 r--s 00018000 08:06 1049027                    /home/prachi/.gradle/caches/modules-2/files-2.1/org.glassfish.web/el-impl/2.1.2-b03/6bab1211b6e6b191fdbf06067bd05d2f75a62ac0/el-impl-2.1.2-b03.jar
7f294c212000-7f294c217000 r--s 00115000 08:06 1049942                    /home/prachi/.gradle/caches/modules-2/files-2.1/org.grails.plugins/grails-console/2.1.1/2cc8dcfe189dab7086fbd9cea3a32f4b374e81e2/grails-console-2.1.1.jar
7f294c217000-7f294c21e000 r--s 000a5000 08:06 10487407                   /home/prachi/.gradle/caches/modules-2/files-2.1/mysql/mysql-connector-java/5.1.6/380ef5226de2c85ff3b38cbfefeea881c5fce09d/mysql-connector-java-5.1.6.jar
7f294c21e000-7f294c223000 r--s 0004b000 08:06 1049025                    /home/prachi/.gradle/caches/modules-2/files-2.1/org.grails.plugins/gsp/3.3.1/7b40598abe73d8535b2dd4503467d5c0c415b7b5/gsp-3.3.1.jar
7f294c223000-7f294c28f000 r--s 0050a000 08:06 1049023                    /home/prachi/.gradle/caches/modules-2/files-2.1/org.hibernate/hibernate-core/5.1.5.Final/28366d161d448e82370e5bbd871eb2835ba0fb7b/hibernate-core-5.1.5.Final.jar
7f294c28f000-7f294c290000 r--s 00006000 08:06 918055                     /home/prachi/.gradle/caches/modules-2/files-2.1/org.grails.plugins/hibernate5/6.1.9/3ad17a7ecdc78dd76624439ded9fb92c675dbc38/hibernate5-6.1.9.jar
7f294c290000-7f294c291000 r--s 00001000 08:06 1049021                    /home/prachi/.gradle/caches/modules-2/files-2.1/org.grails.plugins/events/3.3.2/c43aed0886464bc62b8ef2c4963ea1bedeb19e6/events-3.3.2.jar
7f294c291000-7f294c293000 r--s 00006000 08:06 1049019                    /home/prachi/.gradle/caches/modules-2/files-2.1/org.grails.plugins/scaffolding/3.4.1/3794a2154aa473fd2281e1e36de398815a63e740/scaffolding-3.4.1.jar
7f294c293000-7f294c296000 r--s 0000c000 08:06 1049017                    /home/prachi/.gradle/caches/modules-2/files-2.1/org.grails.plugins/async/3.3.2/849be6dcabfba176078915404451c4b4479c6d49/async-3.3.2.jar
7f294c296000-7f294c298000 r--s 00011000 08:06 1049015                    /home/prachi/.gradle/caches/modules-2/files-2.1/org.grails.plugins/cache/4.0.0/72be24e2f8b3e5407048f5cc5186dcd32e8de841/cache-4.0.0.jar
7f294c298000-7f294c299000 r--s 00008000 08:06 1049013                    /home/prachi/.gradle/caches/modules-2/files-2.1/org.grails/grails-plugin-interceptors/3.3.3/86758d53f5906d3c9cfdbf5efa47df53d87c91f5/grails-plugin-interceptors-3.3.3.jar
7f294c299000-7f294c29b000 r--s 00004000 08:06 1049011                    /home/prachi/.gradle/caches/modules-2/files-2.1/org.grails/grails-plugin-url-mappings/3.3.3/91261bc2af03818c8c16e35ed562718978a2ffe/grails-plugin-url-mappings-3.3.3.jar
7f294c29b000-7f294c29d000 r--s 00003000 08:06 1049009                    /home/prachi/.gradle/caches/modules-2/files-2.1/org.grails/grails-plugin-services/3.3.3/7a89d16ee95245ee4c6cc712fc3115da3e50926f/grails-plugin-services-3.3.3.jar
7f294c29d000-7f294c2a1000 r--s 00031000 08:06 1049003                    /home/prachi/.gradle/caches/modules-2/files-2.1/org.grails/grails-plugin-rest/3.3.3/abd7438963de31ad39c21dec46e94f903b08a2cc/grails-plugin-rest-3.3.3.jar
7f294c2a1000-7f294c2af000 r--s 000b0000 08:06 1048993                    /home/prachi/.gradle/caches/modules-2/files-2.1/org.grails/grails-core/3.3.3/d4c4009f80b7ace2c4166958cde76a3b832ed744/grails-core-3.3.3.jar
7f294c2af000-7f294c2cf000 r--s 000e6000 08:06 1048991                    /home/prachi/.gradle/caches/modules-2/files-2.1/org.springframework.boot/spring-boot-autoconfigure/1.5.10.RELEASE/be96efab0d35181f18c486b0ec8d6a41a7042fce/spring-boot-autoconfigure-1.5.10.RELEASE.jar
7f294c2cf000-7f294c2ea000 r--s 001d6000 08:01 6305798                    /usr/lib/jvm/java-8-openjdk-amd64/jre/lib/ext/nashorn.jar
7f294c2ea000-7f294c2ed000 ---p 00000000 00:00 0 
7f294c2ed000-7f294c3eb000 rw-p 00000000 00:00 0 
7f294c3eb000-7f294c6c3000 r--p 00000000 08:01 4588559                    /usr/lib/locale/locale-archive
7f294c6c3000-7f294c6c6000 ---p 00000000 00:00 0 
7f294c6c6000-7f294c7c4000 rw-p 00000000 00:00 0 
7f294c7c4000-7f294c7c7000 ---p 00000000 00:00 0 
7f294c7c7000-7f294c8c5000 rw-p 00000000 00:00 0 
7f294c8c5000-7f294c8c6000 ---p 00000000 00:00 0 
7f294c8c6000-7f294d923000 rw-p 00000000 00:00 0 
7f294d923000-7f294daf2000 r--s 03c21000 08:01 5900615                    /usr/lib/jvm/java-8-openjdk-amd64/jre/lib/rt.jar
7f294daf2000-7f294fc72000 rw-p 00000000 00:00 0 
7f294fc72000-7f294fc73000 ---p 00000000 00:00 0 
7f294fc73000-7f294fd73000 rw-p 00000000 00:00 0 
7f294fd73000-7f294fd74000 ---p 00000000 00:00 0 
7f294fd74000-7f294fe74000 rw-p 00000000 00:00 0 
7f294fe74000-7f294fe75000 ---p 00000000 00:00 0 
7f294fe75000-7f294ff75000 rw-p 00000000 00:00 0 
7f294ff75000-7f294ff76000 ---p 00000000 00:00 0 
7f294ff76000-7f2950249000 rw-p 00000000 00:00 0 
7f2950249000-7f29505b7000 ---p 00000000 00:00 0 
7f29505b7000-7f2951a27000 rwxp 00000000 00:00 0 
7f2951a27000-7f295f5b7000 ---p 00000000 00:00 0 
7f295f5b7000-7f295f5bf000 r-xp 00000000 08:01 6685751                    /usr/lib/jvm/java-8-openjdk-amd64/jre/lib/amd64/libzip.so
7f295f5bf000-7f295f7be000 ---p 00008000 08:01 6685751                    /usr/lib/jvm/java-8-openjdk-amd64/jre/lib/amd64/libzip.so
7f295f7be000-7f295f7bf000 r--p 00007000 08:01 6685751                    /usr/lib/jvm/java-8-openjdk-amd64/jre/lib/amd64/libzip.so
7f295f7bf000-7f295f7c0000 rw-p 00008000 08:01 6685751                    /usr/lib/jvm/java-8-openjdk-amd64/jre/lib/amd64/libzip.so
7f295f7c0000-7f295f7cb000 r-xp 00000000 08:01 5509605                    /lib/x86_64-linux-gnu/libnss_files-2.23.so
7f295f7cb000-7f295f9ca000 ---p 0000b000 08:01 5509605                    /lib/x86_64-linux-gnu/libnss_files-2.23.so
7f295f9ca000-7f295f9cb000 r--p 0000a000 08:01 5509605                    /lib/x86_64-linux-gnu/libnss_files-2.23.so
7f295f9cb000-7f295f9cc000 rw-p 0000b000 08:01 5509605                    /lib/x86_64-linux-gnu/libnss_files-2.23.so
7f295f9cc000-7f295f9d2000 rw-p 00000000 00:00 0 
7f295f9d2000-7f295f9dd000 r-xp 00000000 08:01 5509609                    /lib/x86_64-linux-gnu/libnss_nis-2.23.so
7f295f9dd000-7f295fbdc000 ---p 0000b000 08:01 5509609                    /lib/x86_64-linux-gnu/libnss_nis-2.23.so
7f295fbdc000-7f295fbdd000 r--p 0000a000 08:01 5509609                    /lib/x86_64-linux-gnu/libnss_nis-2.23.so
7f295fbdd000-7f295fbde000 rw-p 0000b000 08:01 5509609                    /lib/x86_64-linux-gnu/libnss_nis-2.23.so
7f295fbde000-7f295fbf4000 r-xp 00000000 08:01 5505109                    /lib/x86_64-linux-gnu/libnsl-2.23.so
7f295fbf4000-7f295fdf3000 ---p 00016000 08:01 5505109                    /lib/x86_64-linux-gnu/libnsl-2.23.so
7f295fdf3000-7f295fdf4000 r--p 00015000 08:01 5505109                    /lib/x86_64-linux-gnu/libnsl-2.23.so
7f295fdf4000-7f295fdf5000 rw-p 00016000 08:01 5505109                    /lib/x86_64-linux-gnu/libnsl-2.23.so
7f295fdf5000-7f295fdf7000 rw-p 00000000 00:00 0 
7f295fdf7000-7f295fdff000 r-xp 00000000 08:01 5505120                    /lib/x86_64-linux-gnu/libnss_compat-2.23.so
7f295fdff000-7f295fffe000 ---p 00008000 08:01 5505120                    /lib/x86_64-linux-gnu/libnss_compat-2.23.so
7f295fffe000-7f295ffff000 r--p 00007000 08:01 5505120                    /lib/x86_64-linux-gnu/libnss_compat-2.23.so
7f295ffff000-7f2960000000 rw-p 00008000 08:01 5505120                    /lib/x86_64-linux-gnu/libnss_compat-2.23.so
7f2960000000-7f2961a84000 rw-p 00000000 00:00 0 
7f2961a84000-7f2964000000 ---p 00000000 00:00 0 
7f2964000000-7f2964001000 r--s 00003000 08:06 1049007                    /home/prachi/.gradle/caches/modules-2/files-2.1/org.grails/grails-plugin-i18n/3.3.3/54d7e01a5cdf23791e90a8cec4eb559e1d7dff90/grails-plugin-i18n-3.3.3.jar
7f2964001000-7f2964002000 r--s 00004000 08:06 1049005                    /home/prachi/.gradle/caches/modules-2/files-2.1/org.grails/grails-plugin-databinding/3.3.3/ed575ddeb1584ff3e48aeeb4dacac27268ad373c/grails-plugin-databinding-3.3.3.jar
7f2964002000-7f2964003000 r--s 00000000 08:06 1049001                    /home/prachi/.gradle/caches/modules-2/files-2.1/org.grails/grails-logging/3.3.3/3ef362b591c2a0ab5088687a9ea03c8a4451d598/grails-logging-3.3.3.jar
7f2964003000-7f2964004000 r--s 00001000 08:06 1048999                    /home/prachi/.gradle/caches/modules-2/files-2.1/org.grails/grails-web-boot/3.3.3/250a1fbfda2120ceff882feb23fe4935c28b6661/grails-web-boot-3.3.3.jar
7f2964004000-7f2964005000 r--s 00000000 08:06 1048997                    /home/prachi/.gradle/caches/modules-2/files-2.1/org.springframework.boot/spring-boot-starter-tomcat/1.5.10.RELEASE/11e474e265f1c68fc435dddbac42ab3574b5e4b6/spring-boot-starter-tomcat-1.5.10.RELEASE.jar
7f2964005000-7f2964006000 r--s 00000000 08:06 1048995                    /home/prachi/.gradle/caches/modules-2/files-2.1/org.springframework.boot/spring-boot-starter-actuator/1.5.10.RELEASE/64cfc9842b6b608b132ff258934db9045733f678/spring-boot-starter-actuator-1.5.10.RELEASE.jar
7f2964006000-7f2964007000 r--s 00000000 08:06 1048989                    /home/prachi/.gradle/caches/modules-2/files-2.1/org.springframework.boot/spring-boot-starter-logging/1.5.10.RELEASE/62c73688208b3173645d6701fc3eb95ca657e6c8/spring-boot-starter-logging-1.5.10.RELEASE.jar
7f2964007000-7f2964009000 r--s 00001000 08:01 6305825                    /usr/lib/jvm/java-8-openjdk-amd64/jre/lib/ext/dnsns.jar
7f2964009000-7f296400b000 r--s 00008000 08:01 6305800                    /usr/lib/jvm/java-8-openjdk-amd64/jre/lib/ext/sunec.jar
7f296400b000-7f2964026000 r--s 00394000 08:01 6305796                    /usr/lib/jvm/java-8-openjdk-amd64/jre/lib/ext/cldrdata.jar
7f2964026000-7f296402c000 r--s 0003a000 08:01 6305799                    /usr/lib/jvm/java-8-openjdk-amd64/jre/lib/ext/sunjce_provider.jar
7f296402c000-7f2964030000 r--s 00037000 08:01 6305812                    /usr/lib/jvm/java-8-openjdk-amd64/jre/lib/ext/sunpkcs11.jar
7f2964030000-7f2964130000 rw-p 00000000 00:00 0 
7f2964130000-7f296413a000 r-xp 00000000 08:01 6685744                    /usr/lib/jvm/java-8-openjdk-amd64/jre/lib/amd64/libinstrument.so
7f296413a000-7f2964339000 ---p 0000a000 08:01 6685744                    /usr/lib/jvm/java-8-openjdk-amd64/jre/lib/amd64/libinstrument.so
7f2964339000-7f296433a000 r--p 00009000 08:01 6685744                    /usr/lib/jvm/java-8-openjdk-amd64/jre/lib/amd64/libinstrument.so
7f296433a000-7f296433b000 rw-p 0000a000 08:01 6685744                    /usr/lib/jvm/java-8-openjdk-amd64/jre/lib/amd64/libinstrument.so
7f296433b000-7f2964368000 r-xp 00000000 08:01 6685737                    /usr/lib/jvm/java-8-openjdk-amd64/jre/lib/amd64/libjava.so
7f2964368000-7f2964567000 ---p 0002d000 08:01 6685737                    /usr/lib/jvm/java-8-openjdk-amd64/jre/lib/amd64/libjava.so
7f2964567000-7f2964568000 r--p 0002c000 08:01 6685737                    /usr/lib/jvm/java-8-openjdk-amd64/jre/lib/amd64/libjava.so
7f2964568000-7f296456a000 rw-p 0002d000 08:01 6685737                    /usr/lib/jvm/java-8-openjdk-amd64/jre/lib/amd64/libjava.so
7f296456a000-7f2964579000 r-xp 00000000 08:01 6685749                    /usr/lib/jvm/java-8-openjdk-amd64/jre/lib/amd64/libverify.so
7f2964579000-7f2964778000 ---p 0000f000 08:01 6685749                    /usr/lib/jvm/java-8-openjdk-amd64/jre/lib/amd64/libverify.so
7f2964778000-7f296477a000 r--p 0000e000 08:01 6685749                    /usr/lib/jvm/java-8-openjdk-amd64/jre/lib/amd64/libverify.so
7f296477a000-7f296477b000 rw-p 00010000 08:01 6685749                    /usr/lib/jvm/java-8-openjdk-amd64/jre/lib/amd64/libverify.so
7f296477b000-7f2964782000 r-xp 00000000 08:01 5509632                    /lib/x86_64-linux-gnu/librt-2.23.so
7f2964782000-7f2964981000 ---p 00007000 08:01 5509632                    /lib/x86_64-linux-gnu/librt-2.23.so
7f2964981000-7f2964982000 r--p 00006000 08:01 5509632                    /lib/x86_64-linux-gnu/librt-2.23.so
7f2964982000-7f2964983000 rw-p 00007000 08:01 5509632                    /lib/x86_64-linux-gnu/librt-2.23.so
7f2964983000-7f2964999000 r-xp 00000000 08:01 5509625                    /lib/x86_64-linux-gnu/libgcc_s.so.1
7f2964999000-7f2964b98000 ---p 00016000 08:01 5509625                    /lib/x86_64-linux-gnu/libgcc_s.so.1
7f2964b98000-7f2964b99000 rw-p 00015000 08:01 5509625                    /lib/x86_64-linux-gnu/libgcc_s.so.1
7f2964b99000-7f2964ca1000 r-xp 00000000 08:01 5505108                    /lib/x86_64-linux-gnu/libm-2.23.so
7f2964ca1000-7f2964ea0000 ---p 00108000 08:01 5505108                    /lib/x86_64-linux-gnu/libm-2.23.so
7f2964ea0000-7f2964ea1000 r--p 00107000 08:01 5505108                    /lib/x86_64-linux-gnu/libm-2.23.so
7f2964ea1000-7f2964ea2000 rw-p 00108000 08:01 5505108                    /lib/x86_64-linux-gnu/libm-2.23.so
7f2964ea2000-7f2965014000 r-xp 00000000 08:01 4589565                    /usr/lib/x86_64-linux-gnu/libstdc++.so.6.0.21
7f2965014000-7f2965214000 ---p 00172000 08:01 4589565                    /usr/lib/x86_64-linux-gnu/libstdc++.so.6.0.21
7f2965214000-7f296521e000 r--p 00172000 08:01 4589565                    /usr/lib/x86_64-linux-gnu/libstdc++.so.6.0.21
7f296521e000-7f2965220000 rw-p 0017c000 08:01 4589565                    /usr/lib/x86_64-linux-gnu/libstdc++.so.6.0.21
7f2965220000-7f2965224000 rw-p 00000000 00:00 0 
7f2965224000-7f2965e76000 r-xp 00000000 08:01 6949111                    /usr/lib/jvm/java-8-openjdk-amd64/jre/lib/amd64/server/libjvm.so
7f2965e76000-7f2966076000 ---p 00c52000 08:01 6949111                    /usr/lib/jvm/java-8-openjdk-amd64/jre/lib/amd64/server/libjvm.so
7f2966076000-7f2966109000 r--p 00c52000 08:01 6949111                    /usr/lib/jvm/java-8-openjdk-amd64/jre/lib/amd64/server/libjvm.so
7f2966109000-7f2966132000 rw-p 00ce5000 08:01 6949111                    /usr/lib/jvm/java-8-openjdk-amd64/jre/lib/amd64/server/libjvm.so
7f2966132000-7f2966162000 rw-p 00000000 00:00 0 
7f2966162000-7f296617a000 r-xp 00000000 08:01 5505111                    /lib/x86_64-linux-gnu/libpthread-2.23.so
7f296617a000-7f2966379000 ---p 00018000 08:01 5505111                    /lib/x86_64-linux-gnu/libpthread-2.23.so
7f2966379000-7f296637a000 r--p 00017000 08:01 5505111                    /lib/x86_64-linux-gnu/libpthread-2.23.so
7f296637a000-7f296637b000 rw-p 00018000 08:01 5505111                    /lib/x86_64-linux-gnu/libpthread-2.23.so
7f296637b000-7f296637f000 rw-p 00000000 00:00 0 
7f296637f000-7f2966382000 r-xp 00000000 08:01 5505114                    /lib/x86_64-linux-gnu/libdl-2.23.so
7f2966382000-7f2966581000 ---p 00003000 08:01 5505114                    /lib/x86_64-linux-gnu/libdl-2.23.so
7f2966581000-7f2966582000 r--p 00002000 08:01 5505114                    /lib/x86_64-linux-gnu/libdl-2.23.so
7f2966582000-7f2966583000 rw-p 00003000 08:01 5505114                    /lib/x86_64-linux-gnu/libdl-2.23.so
7f2966583000-7f296659c000 r-xp 00000000 08:01 5509778                    /lib/x86_64-linux-gnu/libz.so.1.2.8
7f296659c000-7f296679b000 ---p 00019000 08:01 5509778                    /lib/x86_64-linux-gnu/libz.so.1.2.8
7f296679b000-7f296679c000 r--p 00018000 08:01 5509778                    /lib/x86_64-linux-gnu/libz.so.1.2.8
7f296679c000-7f296679d000 rw-p 00019000 08:01 5509778                    /lib/x86_64-linux-gnu/libz.so.1.2.8
7f296679d000-7f296695d000 r-xp 00000000 08:01 5505112                    /lib/x86_64-linux-gnu/libc-2.23.so
7f296695d000-7f2966b5d000 ---p 001c0000 08:01 5505112                    /lib/x86_64-linux-gnu/libc-2.23.so
7f2966b5d000-7f2966b61000 r--p 001c0000 08:01 5505112                    /lib/x86_64-linux-gnu/libc-2.23.so
7f2966b61000-7f2966b63000 rw-p 001c4000 08:01 5505112                    /lib/x86_64-linux-gnu/libc-2.23.so
7f2966b63000-7f2966b67000 rw-p 00000000 00:00 0 
7f2966b67000-7f2966b74000 r-xp 00000000 08:01 7082106                    /usr/lib/jvm/java-8-openjdk-amd64/jre/lib/amd64/jli/libjli.so
7f2966b74000-7f2966d74000 ---p 0000d000 08:01 7082106                    /usr/lib/jvm/java-8-openjdk-amd64/jre/lib/amd64/jli/libjli.so
7f2966d74000-7f2966d75000 r--p 0000d000 08:01 7082106                    /usr/lib/jvm/java-8-openjdk-amd64/jre/lib/amd64/jli/libjli.so
7f2966d75000-7f2966d76000 rw-p 0000e000 08:01 7082106                    /usr/lib/jvm/java-8-openjdk-amd64/jre/lib/amd64/jli/libjli.so
7f2966d76000-7f2966d9c000 r-xp 00000000 08:01 5505110                    /lib/x86_64-linux-gnu/ld-2.23.so
7f2966d9c000-7f2966d9f000 r--s 0000f000 08:01 6305795                    /usr/lib/jvm/java-8-openjdk-amd64/jre/lib/ext/icedtea-sound.jar
7f2966d9f000-7f2966da0000 r--s 0000a000 08:01 6305824                    /usr/lib/jvm/java-8-openjdk-amd64/jre/lib/ext/jaccess.jar
7f2966da0000-7f2966daa000 r--s 00116000 08:01 6305809                    /usr/lib/jvm/java-8-openjdk-amd64/jre/lib/ext/localedata.jar
7f2966daa000-7f2966e7b000 rw-p 00000000 00:00 0 
7f2966e7b000-7f2966e7e000 ---p 00000000 00:00 0 
7f2966e7e000-7f2966f80000 rw-p 00000000 00:00 0 
7f2966f80000-7f2966f81000 r--s 00010000 08:01 6305797                    /usr/lib/jvm/java-8-openjdk-amd64/jre/lib/ext/zipfs.jar
7f2966f81000-7f2966f90000 rw-p 00000000 00:00 0 
7f2966f90000-7f2966f98000 rw-s 00000000 08:01 5250566                    /tmp/hsperfdata_prachi/6677
7f2966f98000-7f2966f99000 rw-p 00000000 00:00 0 
7f2966f99000-7f2966f9a000 r--p 00000000 00:00 0 
7f2966f9a000-7f2966f9b000 rw-p 00000000 00:00 0 
7f2966f9b000-7f2966f9c000 r--p 00025000 08:01 5505110                    /lib/x86_64-linux-gnu/ld-2.23.so
7f2966f9c000-7f2966f9d000 rw-p 00026000 08:01 5505110                    /lib/x86_64-linux-gnu/ld-2.23.so
7f2966f9d000-7f2966f9e000 rw-p 00000000 00:00 0 
7ffd24916000-7ffd2493c000 rw-p 00000000 00:00 0                          [stack]
7ffd249d1000-7ffd249d4000 r--p 00000000 00:00 0                          [vvar]
7ffd249d4000-7ffd249d6000 r-xp 00000000 00:00 0                          [vdso]
ffffffffff600000-ffffffffff601000 r-xp 00000000 00:00 0                  [vsyscall]

VM Arguments:
jvm_args: -Dgrails.env=development -Dgrails.full.stacktrace -Dinfo.app.grailsVersion=3.3.3 -Dinfo.app.name=Linksharing -Dinfo.app.version=0.1 -Djdk.reflect.allowGetCallerClass=true -Dserver.port=8081 -Dspring.output.ansi.enabled=always -Dspring.profiles.active -Dspringloaded=inclusions=grails.plugins..*;synchronize=true;allowSplitPackages=true;cacheDir=/home/prachi/Documents/grailstaglibassignment/Linksharing/build/springloaded -XX:+TieredCompilation -XX:TieredStopAtLevel=1 -XX:CICompilerCount=3 -javaagent:/home/prachi/.gradle/caches/modules-2/files-2.1/org.springframework/springloaded/1.2.8.RELEASE/b60bac05b0451cdc1863bfec617f39aa0dcaaa43/springloaded-1.2.8.RELEASE.jar -Xverify:none -Xms768m -Xmx768m -Dfile.encoding=UTF-8 -Duser.country=IN -Duser.language=en -Duser.variant 
java_command: com.ttn.linksharing.Application
java_class_path (initial): /home/prachi/Documents/grailstaglibassignment/Linksharing/src/main/resources:/home/prachi/Documents/grailstaglibassignment/Linksharing/grails-app/views:/home/prachi/Documents/grailstaglibassignment/Linksharing/grails-app/i18n:/home/prachi/Documents/grailstaglibassignment/Linksharing/grails-app/conf:/home/prachi/Documents/grailstaglibassignment/Linksharing/build/classes/main:/home/prachi/Documents/grailstaglibassignment/Linksharing/build/resources/main:/home/prachi/Documents/grailstaglibassignment/Linksharing/gsp-classes:/home/prachi/.gradle/caches/modules-2/files-2.1/org.springframework.boot/spring-boot-starter-logging/1.5.10.RELEASE/62c73688208b3173645d6701fc3eb95ca657e6c8/spring-boot-starter-logging-1.5.10.RELEASE.jar:/home/prachi/.gradle/caches/modules-2/files-2.1/org.springframework.boot/spring-boot-autoconfigure/1.5.10.RELEASE/be96efab0d35181f18c486b0ec8d6a41a7042fce/spring-boot-autoconfigure-1.5.10.RELEASE.jar:/home/prachi/.gradle/caches/modules-2/files-2.1/org.grails/grails-core/3.3.3/d4c4009f80b7ace2c4166958cde76a3b832ed744/grails-core-3.3.3.jar:/home/prachi/.gradle/caches/modules-2/files-2.1/org.springframework.boot/spring-boot-starter-actuator/1.5.10.RELEASE/64cfc9842b6b608b132ff258934db9045733f678/spring-boot-starter-actuator-1.5.10.RELEASE.jar:/home/prachi/.gradle/caches/modules-2/files-2.1/org.springframework.boot/spring-boot-starter-tomcat/1.5.10.RELEASE/11e474e265f1c68fc435dddbac42ab3574b5e4b6/spring-boot-starter-tomcat-1.5.10.RELEASE.jar:/home/prachi/.gradle/caches/modules-2/files-2.1/org.grails/grails-web-boot/3.3.3/250a1fbfda2120ceff882feb23fe4935c28b6661/grails-web-boot-3.3.3.jar:/home/prachi/.gradle/caches/modules-2/files-2.1/org.grails/grails-logging/3.3.3/3ef362b591c2a0ab5088687a9ea03c8a4451d598/grails-logging-3.3.3.jar:/home/prachi/.gradle/caches/modules-2/files-2.1/org.grails/grails-plugin-rest/3.3.3/abd7438963de31ad39c21dec46e94f903b08a2cc/grails-plugin-rest-3.3.3.jar:/home/prachi/.gradle/caches/modules-2/files-2
Launcher Type: SUN_STANDARD

Environment Variables:
JAVA_HOME=/usr/lib/jvm/java-1.8.0-openjdk-amd64
PATH=/home/prachi/bin:/home/prachi/.local/bin:/usr/lib/jvm/java-1.8.0-openjdk-amd64/bin:/usr/lib/jvm/java-1.8.0-openjdk-amd64/bin:/usr/local/sbin:/usr/local/bin:/usr/sbin:/usr/bin:/sbin:/bin:/usr/games:/usr/local/games:/snap/bin
SHELL=/bin/bash
DISPLAY=:0

Signal Handlers:
SIGSEGV: [libjvm.so+0xa69040], sa_mask[0]=11111111011111111101111111111110, sa_flags=SA_RESTART|SA_SIGINFO
SIGBUS: [libjvm.so+0xa69040], sa_mask[0]=11111111011111111101111111111110, sa_flags=SA_RESTART|SA_SIGINFO
SIGFPE: [libjvm.so+0x8b2170], sa_mask[0]=11111111011111111101111111111110, sa_flags=SA_RESTART|SA_SIGINFO
SIGPIPE: [libjvm.so+0x8b2170], sa_mask[0]=11111111011111111101111111111110, sa_flags=SA_RESTART|SA_SIGINFO
SIGXFSZ: [libjvm.so+0x8b2170], sa_mask[0]=11111111011111111101111111111110, sa_flags=SA_RESTART|SA_SIGINFO
SIGILL: [libjvm.so+0x8b2170], sa_mask[0]=11111111011111111101111111111110, sa_flags=SA_RESTART|SA_SIGINFO
SIGUSR1: SIG_DFL, sa_mask[0]=00000000000000000000000000000000, sa_flags=none
SIGUSR2: [libjvm.so+0x8b2020], sa_mask[0]=00100000000000000000000000000000, sa_flags=SA_RESTART|SA_SIGINFO
SIGHUP: [libjvm.so+0x8b24f0], sa_mask[0]=11111111011111111101111111111110, sa_flags=SA_RESTART|SA_SIGINFO
SIGINT: [libjvm.so+0x8b24f0], sa_mask[0]=11111111011111111101111111111110, sa_flags=SA_RESTART|SA_SIGINFO
SIGTERM: [libjvm.so+0x8b24f0], sa_mask[0]=11111111011111111101111111111110, sa_flags=SA_RESTART|SA_SIGINFO
SIGQUIT: [libjvm.so+0x8b24f0], sa_mask[0]=11111111011111111101111111111110, sa_flags=SA_RESTART|SA_SIGINFO


---------------  S Y S T E M  ---------------

OS:DISTRIB_ID=Ubuntu
DISTRIB_RELEASE=16.04
DISTRIB_CODENAME=xenial
DISTRIB_DESCRIPTION="Ubuntu 16.04.1 LTS"

uname:Linux 4.4.0-116-generic #140-Ubuntu SMP Mon Feb 12 21:23:04 UTC 2018 x86_64
libc:glibc 2.23 NPTL 2.23 
rlimit: STACK 8192k, CORE 0k, NPROC 63739, NOFILE 1048576, AS infinity
load average:0.54 0.82 0.76

/proc/meminfo:
MemTotal:       16357984 kB
MemFree:         3178960 kB
MemAvailable:    8027184 kB
Buffers:          610688 kB
Cached:          4511916 kB
SwapCached:            0 kB
Active:          9930984 kB
Inactive:        2517968 kB
Active(anon):    6661608 kB
Inactive(anon):  1111532 kB
Active(file):    3269376 kB
Inactive(file):  1406436 kB
Unevictable:          48 kB
Mlocked:              48 kB
SwapTotal:      31249404 kB
SwapFree:       31245568 kB
Dirty:              9316 kB
Writeback:             0 kB
AnonPages:       7326512 kB
Mapped:           671200 kB
Shmem:            446792 kB
Slab:             577348 kB
SReclaimable:     512736 kB
SUnreclaim:        64612 kB
KernelStack:       15664 kB
PageTables:        59052 kB
NFS_Unstable:          0 kB
Bounce:                0 kB
WritebackTmp:          0 kB
CommitLimit:    39428396 kB
Committed_AS:   15107872 kB
VmallocTotal:   34359738367 kB
VmallocUsed:           0 kB
VmallocChunk:          0 kB
HardwareCorrupted:     0 kB
AnonHugePages:   4282368 kB
CmaTotal:              0 kB
CmaFree:               0 kB
HugePages_Total:       0
HugePages_Free:        0
HugePages_Rsvd:        0
HugePages_Surp:        0
Hugepagesize:       2048 kB
DirectMap4k:      255744 kB
DirectMap2M:    13301760 kB
DirectMap1G:     4194304 kB


CPU:total 4 (initial active 4) (2 cores per cpu, 2 threads per core) family 6 model 69 stepping 1, cmov, cx8, fxsr, mmx, sse, sse2, sse3, ssse3, sse4.1, sse4.2, popcnt, avx, avx2, aes, clmul, erms, lzcnt, ht, tsc, tscinvbit, bmi1, bmi2

/proc/cpuinfo:
processor	: 0
vendor_id	: GenuineIntel
cpu family	: 6
model		: 69
model name	: Intel(R) Core(TM) i7-4510U CPU @ 2.00GHz
stepping	: 1
microcode	: 0x20
cpu MHz		: 2881.632
cache size	: 4096 KB
physical id	: 0
siblings	: 4
core id		: 0
cpu cores	: 2
apicid		: 0
initial apicid	: 0
fpu		: yes
fpu_exception	: yes
cpuid level	: 13
wp		: yes
flags		: fpu vme de pse tsc msr pae mce cx8 apic sep mtrr pge mca cmov pat pse36 clflush dts acpi mmx fxsr sse sse2 ss ht tm pbe syscall nx pdpe1gb rdtscp lm constant_tsc arch_perfmon pebs bts rep_good nopl xtopology nonstop_tsc aperfmperf eagerfpu pni pclmulqdq dtes64 monitor ds_cpl vmx est tm2 ssse3 sdbg fma cx16 xtpr pdcm pcid sse4_1 sse4_2 movbe popcnt tsc_deadline_timer aes xsave avx f16c rdrand lahf_lm abm epb invpcid_single retpoline kaiser tpr_shadow vnmi flexpriority ept vpid fsgsbase tsc_adjust bmi1 avx2 smep bmi2 erms invpcid xsaveopt dtherm ida arat pln pts
bugs		: cpu_meltdown spectre_v1 spectre_v2
bogomips	: 5187.97
clflush size	: 64
cache_alignment	: 64
address sizes	: 39 bits physical, 48 bits virtual
power management:

processor	: 1
vendor_id	: GenuineIntel
cpu family	: 6
model		: 69
model name	: Intel(R) Core(TM) i7-4510U CPU @ 2.00GHz
stepping	: 1
microcode	: 0x20
cpu MHz		: 2705.625
cache size	: 4096 KB
physical id	: 0
siblings	: 4
core id		: 0
cpu cores	: 2
apicid		: 1
initial apicid	: 1
fpu		: yes
fpu_exception	: yes
cpuid level	: 13
wp		: yes
flags		: fpu vme de pse tsc msr pae mce cx8 apic sep mtrr pge mca cmov pat pse36 clflush dts acpi mmx fxsr sse sse2 ss ht tm pbe syscall nx pdpe1gb rdtscp lm constant_tsc arch_perfmon pebs bts rep_good nopl xtopology nonstop_tsc aperfmperf eagerfpu pni pclmulqdq dtes64 monitor ds_cpl vmx est tm2 ssse3 sdbg fma cx16 xtpr pdcm pcid sse4_1 sse4_2 movbe popcnt tsc_deadline_timer aes xsave avx f16c rdrand lahf_lm abm epb invpcid_single retpoline kaiser tpr_shadow vnmi flexpriority ept vpid fsgsbase tsc_adjust bmi1 avx2 smep bmi2 erms invpcid xsaveopt dtherm ida arat pln pts
bugs		: cpu_meltdown spectre_v1 spectre_v2
bogomips	: 5187.97
clflush size	: 64
cache_alignment	: 64
address sizes	: 39 bits physical, 48 bits virtual
power management:

processor	: 2
vendor_id	: GenuineIntel
cpu family	: 6
model		: 69
model name	: Intel(R) Core(TM) i7-4510U CPU @ 2.00GHz
stepping	: 1
microcode	: 0x20
cpu MHz		: 2801.703
cache size	: 4096 KB
physical id	: 0
siblings	: 4
core id		: 1
cpu cores	: 2
apicid		: 2
initial apicid	: 2
fpu		: yes
fpu_exception	: yes
cpuid level	: 13
wp		: yes
flags		: fpu vme de pse tsc msr pae mce cx8 apic sep mtrr pge mca cmov pat pse36 clflush dts acpi mmx fxsr sse sse2 ss ht tm pbe syscall nx pdpe1gb rdtscp lm constant_tsc arch_perfmon pebs bts rep_good nopl xtopology nonstop_tsc aperfmperf eagerfpu pni pclmulqdq dtes64 monitor ds_cpl vmx est tm2 ssse3 sdbg fma cx16 xtpr pdcm pcid sse4_1 sse4_2 movbe popcnt tsc_deadline_timer aes xsave avx f16c rdrand lahf_lm abm epb invpcid_single retpoline kaiser tpr_shadow vnmi flexpriority ept vpid fsgsbase tsc_adjust bmi1 avx2 smep bmi2 erms invpcid xsaveopt dtherm ida arat pln pts
bugs		: cpu_meltdown spectre_v1 spectre_v2
bogomips	: 5187.97
clflush size	: 64
cache_alignment	: 64
address sizes	: 39 bits physical, 48 bits virtual
power management:

processor	: 3
vendor_id	: GenuineIntel
cpu family	: 6
model		: 69
model name	: Intel(R) Core(TM) i7-4510U CPU @ 2.00GHz
stepping	: 1
microcode	: 0x20
cpu MHz		: 2788.804
cache size	: 4096 KB
physical id	: 0
siblings	: 4
core id		: 1
cpu cores	: 2
apicid		: 3
initial apicid	: 3
fpu		: yes
fpu_exception	: yes
cpuid level	: 13
wp		: yes
flags		: fpu vme de pse tsc msr pae mce cx8 apic sep mtrr pge mca cmov pat pse36 clflush dts acpi mmx fxsr sse sse2 ss ht tm pbe syscall nx pdpe1gb rdtscp lm constant_tsc arch_perfmon pebs bts rep_good nopl xtopology nonstop_tsc aperfmperf eagerfpu pni pclmulqdq dtes64 monitor ds_cpl vmx est tm2 ssse3 sdbg fma cx16 xtpr pdcm pcid sse4_1 sse4_2 movbe popcnt tsc_deadline_timer aes xsave avx f16c rdrand lahf_lm abm epb invpcid_single retpoline kaiser tpr_shadow vnmi flexpriority ept vpid fsgsbase tsc_adjust bmi1 avx2 smep bmi2 erms invpcid xsaveopt dtherm ida arat pln pts
bugs		: cpu_meltdown spectre_v1 spectre_v2
bogomips	: 5187.97
clflush size	: 64
cache_alignment	: 64
address sizes	: 39 bits physical, 48 bits virtual
power management:



Memory: 4k page, physical 16357984k(3178960k free), swap 31249404k(31245568k free)

vm_info: OpenJDK 64-Bit Server VM (25.151-b12) for linux-amd64 JRE (1.8.0_151-8u151-b12-0ubuntu0.16.04.2-b12), built on Oct 27 2017 21:59:02 by "buildd" with gcc 5.4.0 20160609

time: Thu Apr  5 02:09:38 2018
elapsed time: 205 seconds (0d 0h 3m 25s)

